<?xml version="1.0" encoding="utf-8"?>
<CoverageSession>
  <Summary numSequencePoints="3266" visitedSequencePoints="1583" numBranchPoints="642" visitedBranchPoints="151" sequenceCoverage="48.46" branchCoverage="23.52" maxCyclomaticComplexity="872" minCyclomaticComplexity="872" visitedClasses="57" numClasses="138" visitedMethods="112" numMethods="320" />
  <Modules>
    <Module hash="B6C24A94-ACE8-4ABF-B32D-C34210AB6A1A">
      <ModulePath>ELKH.dll</ModulePath>
      <ModuleTime>2026-05-14T08:36:47</ModuleTime>
      <ModuleName>ELKH</ModuleName>
      <Files>
        <File uid="1" fullPath="C:\Users\tsang\programming\SystemsProject\StickIt\StickIt\ELKH\Extensions\ServiceCollectionExtensions.cs" />
        <File uid="2" fullPath="C:\Users\tsang\programming\SystemsProject\StickIt\StickIt\ELKH\Views\User\LeaveReview.cshtml" />
        <File uid="3" fullPath="C:\Users\tsang\programming\SystemsProject\StickIt\StickIt\ELKH\ViewModels\CartVM.cs" />
        <File uid="4" fullPath="C:\Users\tsang\programming\SystemsProject\StickIt\StickIt\ELKH\ViewModels\ContactDetailVM.cs" />
        <File uid="5" fullPath="C:\Users\tsang\programming\SystemsProject\StickIt\StickIt\ELKH\ViewModels\ErrorVM.cs" />
        <File uid="6" fullPath="C:\Users\tsang\programming\SystemsProject\StickIt\StickIt\ELKH\ViewModels\GuestCheckoutVM.cs" />
        <File uid="7" fullPath="C:\Users\tsang\programming\SystemsProject\StickIt\StickIt\ELKH\ViewModels\OrderVM.cs" />
        <File uid="8" fullPath="C:\Users\tsang\programming\SystemsProject\StickIt\StickIt\ELKH\ViewModels\PagedResult.cs" />
        <File uid="9" fullPath="C:\Users\tsang\programming\SystemsProject\StickIt\StickIt\ELKH\ViewModels\ProductVM.cs" />
        <File uid="10" fullPath="C:\Users\tsang\programming\SystemsProject\StickIt\StickIt\ELKH\ViewModels\ShippingMethodVM.cs" />
        <File uid="11" fullPath="C:\Users\tsang\programming\SystemsProject\StickIt\StickIt\ELKH\ViewModels\UserDashboardVM.cs" />
        <File uid="12" fullPath="C:\Users\tsang\programming\SystemsProject\StickIt\StickIt\ELKH\ViewModels\UserLogVM.cs" />
        <File uid="13" fullPath="C:\Users\tsang\programming\SystemsProject\StickIt\StickIt\ELKH\TagHelpers\OptimizedImageTagHelper.cs" />
        <File uid="14" fullPath="C:\Users\tsang\programming\SystemsProject\StickIt\StickIt\ELKH\Services\CartService.cs" />
        <File uid="15" fullPath="C:\Users\tsang\programming\SystemsProject\StickIt\StickIt\ELKH\Services\CompiledQueries.cs" />
        <File uid="16" fullPath="C:\Users\tsang\programming\SystemsProject\StickIt\StickIt\ELKH\Services\ConfigurationValidator.cs" />
        <File uid="17" fullPath="C:\Users\tsang\programming\SystemsProject\StickIt\StickIt\ELKH\Services\CouponService.cs" />
        <File uid="18" fullPath="C:\Users\tsang\programming\SystemsProject\StickIt\StickIt\ELKH\Services\EmailSenderAdapter.cs" />
        <File uid="19" fullPath="C:\Users\tsang\programming\SystemsProject\StickIt\StickIt\ELKH\Services\FileEmailSender.cs" />
        <File uid="20" fullPath="C:\Users\tsang\programming\SystemsProject\StickIt\StickIt\ELKH\Services\FuzzyHelperService.cs" />
        <File uid="21" fullPath="C:\Users\tsang\programming\SystemsProject\StickIt\StickIt\ELKH\Services\FuzzyReindexService.cs" />
        <File uid="22" fullPath="C:\Users\tsang\programming\SystemsProject\StickIt\StickIt\ELKH\Services\GuestCartService.cs" />
        <File uid="23" fullPath="C:\Users\tsang\programming\SystemsProject\StickIt\StickIt\ELKH\Services\ImageOptimizationService.cs" />
        <File uid="24" fullPath="C:\Users\tsang\programming\SystemsProject\StickIt\StickIt\ELKH\Services\ImageValidationService.cs" />
        <File uid="25" fullPath="C:\Users\tsang\programming\SystemsProject\StickIt\StickIt\ELKH\Services\ModerationService.cs" />
        <File uid="26" fullPath="C:\Users\tsang\programming\SystemsProject\StickIt\StickIt\ELKH\Services\OrderEmailService.cs" />
        <File uid="27" fullPath="C:\Users\tsang\programming\SystemsProject\StickIt\StickIt\ELKH\Services\PayPalService.cs" />
        <File uid="28" fullPath="C:\Users\tsang\programming\SystemsProject\StickIt\StickIt\ELKH\Services\ProductMapper.cs" />
        <File uid="29" fullPath="C:\Users\tsang\programming\SystemsProject\StickIt\StickIt\ELKH\Services\ProductService.cs" />
        <File uid="30" fullPath="C:\Users\tsang\programming\SystemsProject\StickIt\StickIt\ELKH\Services\RatingService.cs" />
        <File uid="31" fullPath="C:\Users\tsang\programming\SystemsProject\StickIt\StickIt\ELKH\Services\ReCaptchaService.cs" />
        <File uid="32" fullPath="C:\Users\tsang\programming\SystemsProject\StickIt\StickIt\ELKH\Services\SearchService.cs" />
        <File uid="33" fullPath="C:\Users\tsang\programming\SystemsProject\StickIt\StickIt\ELKH\Services\ShippingService.cs" />
        <File uid="34" fullPath="C:\Users\tsang\programming\SystemsProject\StickIt\StickIt\ELKH\Services\SmtpEmailSender.cs" />
        <File uid="35" fullPath="C:\Users\tsang\programming\SystemsProject\StickIt\StickIt\ELKH\Services\StockNotificationEmailService.cs" />
        <File uid="36" fullPath="C:\Users\tsang\programming\SystemsProject\StickIt\StickIt\ELKH\Services\StockNotificationService.cs" />
        <File uid="37" fullPath="C:\Users\tsang\programming\SystemsProject\StickIt\StickIt\ELKH\Services\StoreReviewService.cs" />
        <File uid="38" fullPath="C:\Users\tsang\programming\SystemsProject\StickIt\StickIt\ELKH\Services\StructuredLoggingService.cs" />
        <File uid="39" fullPath="C:\Users\tsang\programming\SystemsProject\StickIt\StickIt\ELKH\Services\UserService.cs" />
        <File uid="40" fullPath="C:\Users\tsang\programming\SystemsProject\StickIt\StickIt\ELKH\Services\WishlistService.cs" />
        <File uid="41" fullPath="C:\Users\tsang\programming\SystemsProject\StickIt\StickIt\ELKH\Repositories\CartRepo.cs" />
        <File uid="42" fullPath="C:\Users\tsang\programming\SystemsProject\StickIt\StickIt\ELKH\Repositories\ContactDetailRepo.cs" />
        <File uid="43" fullPath="C:\Users\tsang\programming\SystemsProject\StickIt\StickIt\ELKH\Repositories\InventoryRepo.cs" />
        <File uid="44" fullPath="C:\Users\tsang\programming\SystemsProject\StickIt\StickIt\ELKH\Repositories\OrderHistoryManagementRepo.cs" />
        <File uid="45" fullPath="C:\Users\tsang\programming\SystemsProject\StickIt\StickIt\ELKH\Repositories\OrderHistoryStaffRepo.cs" />
        <File uid="46" fullPath="C:\Users\tsang\programming\SystemsProject\StickIt\StickIt\ELKH\Repositories\OrderManagementRepo.cs" />
        <File uid="47" fullPath="C:\Users\tsang\programming\SystemsProject\StickIt\StickIt\ELKH\Repositories\OrderRepo.cs" />
        <File uid="48" fullPath="C:\Users\tsang\programming\SystemsProject\StickIt\StickIt\ELKH\Repositories\RegisteredUserLogRepo.cs" />
        <File uid="49" fullPath="C:\Users\tsang\programming\SystemsProject\StickIt\StickIt\ELKH\Repositories\RegisteredUserProfileRepo.cs" />
        <File uid="50" fullPath="C:\Users\tsang\programming\SystemsProject\StickIt\StickIt\ELKH\Repositories\RepositoryBase.cs" />
        <File uid="51" fullPath="C:\Users\tsang\programming\SystemsProject\StickIt\StickIt\ELKH\Repositories\RoleRepo.cs" />
        <File uid="52" fullPath="C:\Users\tsang\programming\SystemsProject\StickIt\StickIt\ELKH\Repositories\TransactionRepo.cs" />
        <File uid="53" fullPath="C:\Users\tsang\programming\SystemsProject\StickIt\StickIt\ELKH\Models\ImageStoreContext.cs" />
        <File uid="54" fullPath="C:\Users\tsang\programming\SystemsProject\StickIt\StickIt\ELKH\Models\ImageStoreContextFactory.cs" />
        <File uid="55" fullPath="C:\Users\tsang\programming\SystemsProject\StickIt\StickIt\ELKH\Middleware\CorrelationIdMiddleware.cs" />
        <File uid="56" fullPath="C:\Users\tsang\programming\SystemsProject\StickIt\StickIt\ELKH\Middleware\GlobalExceptionMiddleware.cs" />
        <File uid="57" fullPath="C:\Users\tsang\programming\SystemsProject\StickIt\StickIt\ELKH\HealthChecks\EmailHealthCheck.cs" />
        <File uid="58" fullPath="C:\Users\tsang\programming\SystemsProject\StickIt\StickIt\ELKH\HealthChecks\PayPalHealthCheck.cs" />
        <File uid="59" fullPath="C:\Users\tsang\programming\SystemsProject\StickIt\StickIt\ELKH\Extensions\ApplicationBuilderExtensions.cs" />
        <File uid="60" fullPath="C:\Users\tsang\programming\SystemsProject\StickIt\StickIt\ELKH\Extensions\ValidationExtensions.cs" />
        <File uid="61" fullPath="C:\Users\tsang\programming\SystemsProject\StickIt\StickIt\ELKH\Data\ApplicationDbContext.cs" />
        <File uid="62" fullPath="C:\Users\tsang\programming\SystemsProject\StickIt\StickIt\ELKH\Data\DbSeeder.Customers.cs" />
        <File uid="63" fullPath="C:\Users\tsang\programming\SystemsProject\StickIt\StickIt\ELKH\Data\DbSeeder.Products.cs" />
        <File uid="64" fullPath="C:\Users\tsang\programming\SystemsProject\StickIt\StickIt\ELKH\Data\DbSeederBase.cs" />
        <File uid="65" fullPath="C:\Users\tsang\programming\SystemsProject\StickIt\StickIt\ELKH\Controllers\AdminAnalyticsController.cs" />
        <File uid="66" fullPath="C:\Users\tsang\programming\SystemsProject\StickIt\StickIt\ELKH\Controllers\AdminController.cs" />
        <File uid="67" fullPath="C:\Users\tsang\programming\SystemsProject\StickIt\StickIt\ELKH\Controllers\AdminRoleController.cs" />
        <File uid="68" fullPath="C:\Users\tsang\programming\SystemsProject\StickIt\StickIt\ELKH\Controllers\AdminSystemController.cs" />
        <File uid="69" fullPath="C:\Users\tsang\programming\SystemsProject\StickIt\StickIt\ELKH\Controllers\AdminUserController.cs" />
        <File uid="70" fullPath="C:\Users\tsang\programming\SystemsProject\StickIt\StickIt\ELKH\Controllers\AuditController.cs" />
        <File uid="71" fullPath="C:\Users\tsang\programming\SystemsProject\StickIt\StickIt\ELKH\Controllers\AuthenticatedControllerBase.cs" />
        <File uid="72" fullPath="C:\Users\tsang\programming\SystemsProject\StickIt\StickIt\ELKH\Controllers\BaseController.cs" />
        <File uid="73" fullPath="C:\Users\tsang\programming\SystemsProject\StickIt\StickIt\ELKH\Controllers\CartController.cs" />
        <File uid="74" fullPath="C:\Users\tsang\programming\SystemsProject\StickIt\StickIt\ELKH\Controllers\CategoryController.cs" />
        <File uid="75" fullPath="C:\Users\tsang\programming\SystemsProject\StickIt\StickIt\ELKH\Controllers\CheckoutController.cs" />
        <File uid="76" fullPath="C:\Users\tsang\programming\SystemsProject\StickIt\StickIt\ELKH\Controllers\ErrorController.cs" />
        <File uid="77" fullPath="C:\Users\tsang\programming\SystemsProject\StickIt\StickIt\ELKH\Controllers\HomeController.cs" />
        <File uid="78" fullPath="C:\Users\tsang\programming\SystemsProject\StickIt\StickIt\ELKH\Controllers\InventoryController.cs" />
        <File uid="79" fullPath="C:\Users\tsang\programming\SystemsProject\StickIt\StickIt\ELKH\Controllers\ManagerController.cs" />
        <File uid="80" fullPath="C:\Users\tsang\programming\SystemsProject\StickIt\StickIt\ELKH\Controllers\MetricsController.cs" />
        <File uid="81" fullPath="C:\Users\tsang\programming\SystemsProject\StickIt\StickIt\ELKH\Controllers\ModerationController.cs" />
        <File uid="82" fullPath="C:\Users\tsang\programming\SystemsProject\StickIt\StickIt\ELKH\Controllers\OrderController.cs" />
        <File uid="83" fullPath="C:\Users\tsang\programming\SystemsProject\StickIt\StickIt\ELKH\Controllers\OrderHistoryController.cs" />
        <File uid="84" fullPath="C:\Users\tsang\programming\SystemsProject\StickIt\StickIt\ELKH\Controllers\OrdersHistoryStaffController.cs" />
        <File uid="85" fullPath="C:\Users\tsang\programming\SystemsProject\StickIt\StickIt\ELKH\Controllers\PayPalController.cs" />
        <File uid="86" fullPath="C:\Users\tsang\programming\SystemsProject\StickIt\StickIt\ELKH\Controllers\ProductController.cs" />
        <File uid="87" fullPath="C:\Users\tsang\programming\SystemsProject\StickIt\StickIt\ELKH\Controllers\PromotionsController.cs" />
        <File uid="88" fullPath="C:\Users\tsang\programming\SystemsProject\StickIt\StickIt\ELKH\Controllers\StaffController.cs" />
        <File uid="89" fullPath="C:\Users\tsang\programming\SystemsProject\StickIt\StickIt\ELKH\Controllers\TransactionController.cs" />
        <File uid="90" fullPath="C:\Users\tsang\programming\SystemsProject\StickIt\StickIt\ELKH\Controllers\UserAddressController.cs" />
        <File uid="91" fullPath="C:\Users\tsang\programming\SystemsProject\StickIt\StickIt\ELKH\Controllers\UserController.cs" />
        <File uid="92" fullPath="C:\Users\tsang\programming\SystemsProject\StickIt\StickIt\ELKH\Controllers\UserProfileController.cs" />
        <File uid="93" fullPath="C:\Users\tsang\programming\SystemsProject\StickIt\StickIt\ELKH\Controllers\UserReviewController.cs" />
        <File uid="94" fullPath="C:\Users\tsang\programming\SystemsProject\StickIt\StickIt\ELKH\Controllers\WishlistController.cs" />
        <File uid="95" fullPath="C:\Users\tsang\programming\SystemsProject\StickIt\StickIt\ELKH\Controllers\V2\ProductApiController.cs" />
        <File uid="96" fullPath="C:\Users\tsang\programming\SystemsProject\StickIt\StickIt\ELKH\Controllers\V1\ProductApiController.cs" />
        <File uid="97" fullPath="C:\Users\tsang\programming\SystemsProject\StickIt\StickIt\ELKH\Controllers\Base\FeatureControllerBases.cs" />
        <File uid="98" fullPath="C:\Users\tsang\programming\SystemsProject\StickIt\StickIt\ELKH\Constants\ModerationRoutes.cs" />
        <File uid="99" fullPath="C:\Users\tsang\programming\SystemsProject\StickIt\StickIt\ELKH\Configuration\SwaggerConfiguration.cs" />
        <File uid="100" fullPath="C:\Users\tsang\programming\SystemsProject\StickIt\StickIt\ELKH\Areas\Identity\Pages\Error.cshtml.cs" />
        <File uid="101" fullPath="C:\Users\tsang\programming\SystemsProject\StickIt\StickIt\ELKH\Areas\Identity\Pages\Account\AccessDenied.cshtml.cs" />
        <File uid="102" fullPath="C:\Users\tsang\programming\SystemsProject\StickIt\StickIt\ELKH\Areas\Identity\Pages\Account\ConfirmEmail.cshtml.cs" />
        <File uid="103" fullPath="C:\Users\tsang\programming\SystemsProject\StickIt\StickIt\ELKH\Areas\Identity\Pages\Account\ConfirmEmailChange.cshtml.cs" />
        <File uid="104" fullPath="C:\Users\tsang\programming\SystemsProject\StickIt\StickIt\ELKH\Areas\Identity\Pages\Account\ExternalLogin.cshtml.cs" />
        <File uid="105" fullPath="C:\Users\tsang\programming\SystemsProject\StickIt\StickIt\ELKH\Areas\Identity\Pages\Account\ForgotPassword.cshtml.cs" />
        <File uid="106" fullPath="C:\Users\tsang\programming\SystemsProject\StickIt\StickIt\ELKH\Areas\Identity\Pages\Account\ForgotPasswordConfirmation.cshtml.cs" />
        <File uid="107" fullPath="C:\Users\tsang\programming\SystemsProject\StickIt\StickIt\ELKH\Areas\Identity\Pages\Account\Lockout.cshtml.cs" />
        <File uid="108" fullPath="C:\Users\tsang\programming\SystemsProject\StickIt\StickIt\ELKH\Areas\Identity\Pages\Account\Login.cshtml.cs" />
        <File uid="109" fullPath="C:\Users\tsang\programming\SystemsProject\StickIt\StickIt\ELKH\Areas\Identity\Pages\Account\LoginWith2fa.cshtml.cs" />
        <File uid="110" fullPath="C:\Users\tsang\programming\SystemsProject\StickIt\StickIt\ELKH\Areas\Identity\Pages\Account\LoginWithRecoveryCode.cshtml.cs" />
        <File uid="111" fullPath="C:\Users\tsang\programming\SystemsProject\StickIt\StickIt\ELKH\Areas\Identity\Pages\Account\Logout.cshtml.cs" />
        <File uid="112" fullPath="C:\Users\tsang\programming\SystemsProject\StickIt\StickIt\ELKH\Areas\Identity\Pages\Account\Register.cshtml.cs" />
        <File uid="113" fullPath="C:\Users\tsang\programming\SystemsProject\StickIt\StickIt\ELKH\Areas\Identity\Pages\Account\RegisterConfirmation.cshtml.cs" />
        <File uid="114" fullPath="C:\Users\tsang\programming\SystemsProject\StickIt\StickIt\ELKH\Areas\Identity\Pages\Account\ResendEmailConfirmation.cshtml.cs" />
        <File uid="115" fullPath="C:\Users\tsang\programming\SystemsProject\StickIt\StickIt\ELKH\Areas\Identity\Pages\Account\ResetPassword.cshtml.cs" />
        <File uid="116" fullPath="C:\Users\tsang\programming\SystemsProject\StickIt\StickIt\ELKH\Areas\Identity\Pages\Account\ResetPasswordConfirmation.cshtml.cs" />
        <File uid="117" fullPath="C:\Users\tsang\programming\SystemsProject\StickIt\StickIt\ELKH\Areas\Identity\Pages\Account\Manage\ChangePassword.cshtml.cs" />
        <File uid="118" fullPath="C:\Users\tsang\programming\SystemsProject\StickIt\StickIt\ELKH\Areas\Identity\Pages\Account\Manage\DeletePersonalData.cshtml.cs" />
        <File uid="119" fullPath="C:\Users\tsang\programming\SystemsProject\StickIt\StickIt\ELKH\Areas\Identity\Pages\Account\Manage\Disable2fa.cshtml.cs" />
        <File uid="120" fullPath="C:\Users\tsang\programming\SystemsProject\StickIt\StickIt\ELKH\Areas\Identity\Pages\Account\Manage\DownloadPersonalData.cshtml.cs" />
        <File uid="121" fullPath="C:\Users\tsang\programming\SystemsProject\StickIt\StickIt\ELKH\Areas\Identity\Pages\Account\Manage\Email.cshtml.cs" />
        <File uid="122" fullPath="C:\Users\tsang\programming\SystemsProject\StickIt\StickIt\ELKH\Areas\Identity\Pages\Account\Manage\EnableAuthenticator.cshtml.cs" />
        <File uid="123" fullPath="C:\Users\tsang\programming\SystemsProject\StickIt\StickIt\ELKH\Areas\Identity\Pages\Account\Manage\ExternalLogins.cshtml.cs" />
        <File uid="124" fullPath="C:\Users\tsang\programming\SystemsProject\StickIt\StickIt\ELKH\Areas\Identity\Pages\Account\Manage\GenerateRecoveryCodes.cshtml.cs" />
        <File uid="125" fullPath="C:\Users\tsang\programming\SystemsProject\StickIt\StickIt\ELKH\Areas\Identity\Pages\Account\Manage\Index.cshtml.cs" />
        <File uid="126" fullPath="C:\Users\tsang\programming\SystemsProject\StickIt\StickIt\ELKH\Areas\Identity\Pages\Account\Manage\ManageNavPages.cs" />
        <File uid="127" fullPath="C:\Users\tsang\programming\SystemsProject\StickIt\StickIt\ELKH\Areas\Identity\Pages\Account\Manage\PersonalData.cshtml.cs" />
        <File uid="128" fullPath="C:\Users\tsang\programming\SystemsProject\StickIt\StickIt\ELKH\Areas\Identity\Pages\Account\Manage\ResetAuthenticator.cshtml.cs" />
        <File uid="129" fullPath="C:\Users\tsang\programming\SystemsProject\StickIt\StickIt\ELKH\Areas\Identity\Pages\Account\Manage\SetPassword.cshtml.cs" />
        <File uid="130" fullPath="C:\Users\tsang\programming\SystemsProject\StickIt\StickIt\ELKH\Areas\Identity\Pages\Account\Manage\ShowRecoveryCodes.cshtml.cs" />
        <File uid="131" fullPath="C:\Users\tsang\programming\SystemsProject\StickIt\StickIt\ELKH\Areas\Identity\Pages\Account\Manage\TwoFactorAuthentication.cshtml.cs" />
      </Files>
      <Classes>
        <Class>
          <Summary numSequencePoints="14" visitedSequencePoints="0" numBranchPoints="4" visitedBranchPoints="0" sequenceCoverage="0" branchCoverage="0" maxCyclomaticComplexity="4" minCyclomaticComplexity="1" visitedClasses="0" numClasses="1" visitedMethods="0" numMethods="3" />
          <FullName>ProductListOutputCachePolicy</FullName>
          <Methods>
            <Method cyclomaticComplexity="4" nPathComplexity="4" sequenceCoverage="0" branchCoverage="0" isConstructor="False" isGetter="False" isSetter="False" isStatic="True">
              <Summary numSequencePoints="12" visitedSequencePoints="0" numBranchPoints="4" visitedBranchPoints="0" sequenceCoverage="0" branchCoverage="0" maxCyclomaticComplexity="4" minCyclomaticComplexity="4" visitedClasses="0" numClasses="0" visitedMethods="0" numMethods="1" />
              <MetadataToken />
              <Name>System.Threading.Tasks.ValueTask ProductListOutputCachePolicy::CacheRequestAsync(Microsoft.AspNetCore.OutputCaching.OutputCacheContext,System.Threading.CancellationToken)</Name>
              <FileRef uid="1" />
              <SequencePoints>
                <SequencePoint vc="0" uspid="231" ordinal="0" sl="231" sc="1" el="231" ec="2" bec="0" bev="0" fileid="1" />
                <SequencePoint vc="0" uspid="232" ordinal="1" sl="232" sc="1" el="232" ec="2" bec="0" bev="0" fileid="1" />
                <SequencePoint vc="0" uspid="233" ordinal="2" sl="233" sc="1" el="233" ec="2" bec="0" bev="0" fileid="1" />
                <SequencePoint vc="0" uspid="234" ordinal="3" sl="234" sc="1" el="234" ec="2" bec="0" bev="0" fileid="1" />
                <SequencePoint vc="0" uspid="235" ordinal="4" sl="235" sc="1" el="235" ec="2" bec="0" bev="0" fileid="1" />
                <SequencePoint vc="0" uspid="236" ordinal="5" sl="236" sc="1" el="236" ec="2" bec="0" bev="0" fileid="1" />
                <SequencePoint vc="0" uspid="239" ordinal="6" sl="239" sc="1" el="239" ec="2" bec="0" bev="0" fileid="1" />
                <SequencePoint vc="0" uspid="243" ordinal="7" sl="243" sc="1" el="243" ec="2" bec="4" bev="0" fileid="1" />
                <SequencePoint vc="0" uspid="244" ordinal="8" sl="244" sc="1" el="244" ec="2" bec="0" bev="0" fileid="1" />
                <SequencePoint vc="0" uspid="246" ordinal="9" sl="246" sc="1" el="246" ec="2" bec="0" bev="0" fileid="1" />
                <SequencePoint vc="0" uspid="248" ordinal="10" sl="248" sc="1" el="248" ec="2" bec="0" bev="0" fileid="1" />
                <SequencePoint vc="0" uspid="249" ordinal="11" sl="249" sc="1" el="249" ec="2" bec="0" bev="0" fileid="1" />
              </SequencePoints>
              <BranchPoints>
                <BranchPoint vc="0" uspid="243" ordinal="0" path="0" offset="91" offsetend="93" sl="243" fileid="1" />
                <BranchPoint vc="0" uspid="243" ordinal="1" path="1" offset="91" offsetend="97" sl="243" fileid="1" />
                <BranchPoint vc="0" uspid="243" ordinal="2" path="0" offset="102" offsetend="104" sl="243" fileid="1" />
                <BranchPoint vc="0" uspid="243" ordinal="3" path="1" offset="102" offsetend="111" sl="243" fileid="1" />
              </BranchPoints>
              <MethodPoint vc="0" uspid="0" p8:type="SequencePoint" ordinal="0" offset="0" sc="0" sl="231" ec="1" el="249" bec="0" bev="0" fileid="1" xmlns:p8="xsi" />
            </Method>
            <Method cyclomaticComplexity="1" nPathComplexity="1" sequenceCoverage="0" branchCoverage="100" isConstructor="False" isGetter="False" isSetter="False" isStatic="True">
              <Summary numSequencePoints="1" visitedSequencePoints="0" numBranchPoints="0" visitedBranchPoints="0" sequenceCoverage="0" branchCoverage="100" maxCyclomaticComplexity="1" minCyclomaticComplexity="1" visitedClasses="0" numClasses="0" visitedMethods="0" numMethods="1" />
              <MetadataToken />
              <Name>System.Threading.Tasks.ValueTask ProductListOutputCachePolicy::ServeFromCacheAsync(Microsoft.AspNetCore.OutputCaching.OutputCacheContext,System.Threading.CancellationToken)</Name>
              <FileRef uid="1" />
              <SequencePoints>
                <SequencePoint vc="0" uspid="252" ordinal="0" sl="252" sc="1" el="252" ec="2" bec="0" bev="0" fileid="1" />
              </SequencePoints>
              <BranchPoints />
              <MethodPoint vc="0" uspid="0" p8:type="SequencePoint" ordinal="1" offset="1" sc="0" sl="252" ec="1" el="252" bec="0" bev="0" fileid="1" xmlns:p8="xsi" />
            </Method>
            <Method cyclomaticComplexity="1" nPathComplexity="1" sequenceCoverage="0" branchCoverage="100" isConstructor="False" isGetter="False" isSetter="False" isStatic="True">
              <Summary numSequencePoints="1" visitedSequencePoints="0" numBranchPoints="0" visitedBranchPoints="0" sequenceCoverage="0" branchCoverage="100" maxCyclomaticComplexity="1" minCyclomaticComplexity="1" visitedClasses="0" numClasses="0" visitedMethods="0" numMethods="1" />
              <MetadataToken />
              <Name>System.Threading.Tasks.ValueTask ProductListOutputCachePolicy::ServeResponseAsync(Microsoft.AspNetCore.OutputCaching.OutputCacheContext,System.Threading.CancellationToken)</Name>
              <FileRef uid="1" />
              <SequencePoints>
                <SequencePoint vc="0" uspid="255" ordinal="0" sl="255" sc="1" el="255" ec="2" bec="0" bev="0" fileid="1" />
              </SequencePoints>
              <BranchPoints />
              <MethodPoint vc="0" uspid="0" p8:type="SequencePoint" ordinal="2" offset="2" sc="0" sl="255" ec="1" el="255" bec="0" bev="0" fileid="1" xmlns:p8="xsi" />
            </Method>
          </Methods>
        </Class>
        <Class>
          <Summary numSequencePoints="150" visitedSequencePoints="150" numBranchPoints="0" visitedBranchPoints="0" sequenceCoverage="100" branchCoverage="100" maxCyclomaticComplexity="1" minCyclomaticComplexity="1" visitedClasses="1" numClasses="1" visitedMethods="7" numMethods="7" />
          <FullName>ELKH.Extensions.ServiceCollectionExtensions</FullName>
          <Methods>
            <Method cyclomaticComplexity="1" nPathComplexity="1" sequenceCoverage="100" branchCoverage="100" isConstructor="False" isGetter="False" isSetter="False" isStatic="True">
              <Summary numSequencePoints="9" visitedSequencePoints="9" numBranchPoints="0" visitedBranchPoints="0" sequenceCoverage="100" branchCoverage="100" maxCyclomaticComplexity="1" minCyclomaticComplexity="1" visitedClasses="0" numClasses="0" visitedMethods="1" numMethods="1" />
              <MetadataToken />
              <Name>Microsoft.Extensions.DependencyInjection.IServiceCollection ELKH.Extensions.ServiceCollectionExtensions::AddApplicationOptions(Microsoft.Extensions.DependencyInjection.IServiceCollection,Microsoft.Extensions.Configuration.IConfiguration)</Name>
              <FileRef uid="1" />
              <SequencePoints>
                <SequencePoint vc="7" uspid="25" ordinal="0" sl="25" sc="1" el="25" ec="2" bec="0" bev="0" fileid="1" />
                <SequencePoint vc="7" uspid="26" ordinal="1" sl="26" sc="1" el="26" ec="2" bec="0" bev="0" fileid="1" />
                <SequencePoint vc="7" uspid="27" ordinal="2" sl="27" sc="1" el="27" ec="2" bec="0" bev="0" fileid="1" />
                <SequencePoint vc="7" uspid="28" ordinal="3" sl="28" sc="1" el="28" ec="2" bec="0" bev="0" fileid="1" />
                <SequencePoint vc="7" uspid="29" ordinal="4" sl="29" sc="1" el="29" ec="2" bec="0" bev="0" fileid="1" />
                <SequencePoint vc="7" uspid="30" ordinal="5" sl="30" sc="1" el="30" ec="2" bec="0" bev="0" fileid="1" />
                <SequencePoint vc="7" uspid="31" ordinal="6" sl="31" sc="1" el="31" ec="2" bec="0" bev="0" fileid="1" />
                <SequencePoint vc="7" uspid="33" ordinal="7" sl="33" sc="1" el="33" ec="2" bec="0" bev="0" fileid="1" />
                <SequencePoint vc="7" uspid="34" ordinal="8" sl="34" sc="1" el="34" ec="2" bec="0" bev="0" fileid="1" />
              </SequencePoints>
              <BranchPoints />
              <MethodPoint vc="9" uspid="0" p8:type="SequencePoint" ordinal="0" offset="0" sc="0" sl="25" ec="1" el="34" bec="0" bev="0" fileid="1" xmlns:p8="xsi" />
            </Method>
            <Method cyclomaticComplexity="1" nPathComplexity="1" sequenceCoverage="100" branchCoverage="100" isConstructor="False" isGetter="False" isSetter="False" isStatic="True">
              <Summary numSequencePoints="21" visitedSequencePoints="21" numBranchPoints="0" visitedBranchPoints="0" sequenceCoverage="100" branchCoverage="100" maxCyclomaticComplexity="1" minCyclomaticComplexity="1" visitedClasses="0" numClasses="0" visitedMethods="1" numMethods="1" />
              <MetadataToken />
              <Name>Microsoft.Extensions.DependencyInjection.IServiceCollection ELKH.Extensions.ServiceCollectionExtensions::AddApplicationServices(Microsoft.Extensions.DependencyInjection.IServiceCollection)</Name>
              <FileRef uid="1" />
              <SequencePoints>
                <SequencePoint vc="7" uspid="39" ordinal="0" sl="39" sc="1" el="39" ec="2" bec="0" bev="0" fileid="1" />
                <SequencePoint vc="7" uspid="40" ordinal="1" sl="40" sc="1" el="40" ec="2" bec="0" bev="0" fileid="1" />
                <SequencePoint vc="7" uspid="41" ordinal="2" sl="41" sc="1" el="41" ec="2" bec="0" bev="0" fileid="1" />
                <SequencePoint vc="7" uspid="42" ordinal="3" sl="42" sc="1" el="42" ec="2" bec="0" bev="0" fileid="1" />
                <SequencePoint vc="7" uspid="43" ordinal="4" sl="43" sc="1" el="43" ec="2" bec="0" bev="0" fileid="1" />
                <SequencePoint vc="7" uspid="44" ordinal="5" sl="44" sc="1" el="44" ec="2" bec="0" bev="0" fileid="1" />
                <SequencePoint vc="7" uspid="45" ordinal="6" sl="45" sc="1" el="45" ec="2" bec="0" bev="0" fileid="1" />
                <SequencePoint vc="7" uspid="46" ordinal="7" sl="46" sc="1" el="46" ec="2" bec="0" bev="0" fileid="1" />
                <SequencePoint vc="7" uspid="47" ordinal="8" sl="47" sc="1" el="47" ec="2" bec="0" bev="0" fileid="1" />
                <SequencePoint vc="7" uspid="48" ordinal="9" sl="48" sc="1" el="48" ec="2" bec="0" bev="0" fileid="1" />
                <SequencePoint vc="7" uspid="49" ordinal="10" sl="49" sc="1" el="49" ec="2" bec="0" bev="0" fileid="1" />
                <SequencePoint vc="7" uspid="50" ordinal="11" sl="50" sc="1" el="50" ec="2" bec="0" bev="0" fileid="1" />
                <SequencePoint vc="7" uspid="51" ordinal="12" sl="51" sc="1" el="51" ec="2" bec="0" bev="0" fileid="1" />
                <SequencePoint vc="7" uspid="52" ordinal="13" sl="52" sc="1" el="52" ec="2" bec="0" bev="0" fileid="1" />
                <SequencePoint vc="7" uspid="53" ordinal="14" sl="53" sc="1" el="53" ec="2" bec="0" bev="0" fileid="1" />
                <SequencePoint vc="7" uspid="54" ordinal="15" sl="54" sc="1" el="54" ec="2" bec="0" bev="0" fileid="1" />
                <SequencePoint vc="7" uspid="55" ordinal="16" sl="55" sc="1" el="55" ec="2" bec="0" bev="0" fileid="1" />
                <SequencePoint vc="7" uspid="56" ordinal="17" sl="56" sc="1" el="56" ec="2" bec="0" bev="0" fileid="1" />
                <SequencePoint vc="7" uspid="57" ordinal="18" sl="57" sc="1" el="57" ec="2" bec="0" bev="0" fileid="1" />
                <SequencePoint vc="7" uspid="59" ordinal="19" sl="59" sc="1" el="59" ec="2" bec="0" bev="0" fileid="1" />
                <SequencePoint vc="7" uspid="60" ordinal="20" sl="60" sc="1" el="60" ec="2" bec="0" bev="0" fileid="1" />
              </SequencePoints>
              <BranchPoints />
              <MethodPoint vc="21" uspid="0" p8:type="SequencePoint" ordinal="1" offset="1" sc="0" sl="39" ec="1" el="60" bec="0" bev="0" fileid="1" xmlns:p8="xsi" />
            </Method>
            <Method cyclomaticComplexity="1" nPathComplexity="1" sequenceCoverage="100" branchCoverage="100" isConstructor="False" isGetter="False" isSetter="False" isStatic="True">
              <Summary numSequencePoints="19" visitedSequencePoints="19" numBranchPoints="0" visitedBranchPoints="0" sequenceCoverage="100" branchCoverage="100" maxCyclomaticComplexity="1" minCyclomaticComplexity="1" visitedClasses="0" numClasses="0" visitedMethods="1" numMethods="1" />
              <MetadataToken />
              <Name>Microsoft.Extensions.DependencyInjection.IServiceCollection ELKH.Extensions.ServiceCollectionExtensions::AddRepositories(Microsoft.Extensions.DependencyInjection.IServiceCollection)</Name>
              <FileRef uid="1" />
              <SequencePoints>
                <SequencePoint vc="7" uspid="66" ordinal="0" sl="66" sc="1" el="66" ec="2" bec="0" bev="0" fileid="1" />
                <SequencePoint vc="7" uspid="67" ordinal="1" sl="67" sc="1" el="67" ec="2" bec="0" bev="0" fileid="1" />
                <SequencePoint vc="7" uspid="68" ordinal="2" sl="68" sc="1" el="68" ec="2" bec="0" bev="0" fileid="1" />
                <SequencePoint vc="7" uspid="69" ordinal="3" sl="69" sc="1" el="69" ec="2" bec="0" bev="0" fileid="1" />
                <SequencePoint vc="7" uspid="70" ordinal="4" sl="70" sc="1" el="70" ec="2" bec="0" bev="0" fileid="1" />
                <SequencePoint vc="7" uspid="71" ordinal="5" sl="71" sc="1" el="71" ec="2" bec="0" bev="0" fileid="1" />
                <SequencePoint vc="7" uspid="72" ordinal="6" sl="72" sc="1" el="72" ec="2" bec="0" bev="0" fileid="1" />
                <SequencePoint vc="7" uspid="73" ordinal="7" sl="73" sc="1" el="73" ec="2" bec="0" bev="0" fileid="1" />
                <SequencePoint vc="7" uspid="74" ordinal="8" sl="74" sc="1" el="74" ec="2" bec="0" bev="0" fileid="1" />
                <SequencePoint vc="7" uspid="75" ordinal="9" sl="75" sc="1" el="75" ec="2" bec="0" bev="0" fileid="1" />
                <SequencePoint vc="7" uspid="78" ordinal="10" sl="78" sc="1" el="78" ec="2" bec="0" bev="0" fileid="1" />
                <SequencePoint vc="7" uspid="79" ordinal="11" sl="79" sc="1" el="79" ec="2" bec="0" bev="0" fileid="1" />
                <SequencePoint vc="7" uspid="80" ordinal="12" sl="80" sc="1" el="80" ec="2" bec="0" bev="0" fileid="1" />
                <SequencePoint vc="7" uspid="81" ordinal="13" sl="81" sc="1" el="81" ec="2" bec="0" bev="0" fileid="1" />
                <SequencePoint vc="7" uspid="82" ordinal="14" sl="82" sc="1" el="82" ec="2" bec="0" bev="0" fileid="1" />
                <SequencePoint vc="7" uspid="83" ordinal="15" sl="83" sc="1" el="83" ec="2" bec="0" bev="0" fileid="1" />
                <SequencePoint vc="7" uspid="84" ordinal="16" sl="84" sc="1" el="84" ec="2" bec="0" bev="0" fileid="1" />
                <SequencePoint vc="7" uspid="86" ordinal="17" sl="86" sc="1" el="86" ec="2" bec="0" bev="0" fileid="1" />
                <SequencePoint vc="7" uspid="87" ordinal="18" sl="87" sc="1" el="87" ec="2" bec="0" bev="0" fileid="1" />
              </SequencePoints>
              <BranchPoints />
              <MethodPoint vc="19" uspid="0" p8:type="SequencePoint" ordinal="2" offset="2" sc="0" sl="66" ec="1" el="87" bec="0" bev="0" fileid="1" xmlns:p8="xsi" />
            </Method>
            <Method cyclomaticComplexity="1" nPathComplexity="1" sequenceCoverage="100" branchCoverage="100" isConstructor="False" isGetter="False" isSetter="False" isStatic="True">
              <Summary numSequencePoints="13" visitedSequencePoints="13" numBranchPoints="0" visitedBranchPoints="0" sequenceCoverage="100" branchCoverage="100" maxCyclomaticComplexity="1" minCyclomaticComplexity="1" visitedClasses="0" numClasses="0" visitedMethods="1" numMethods="1" />
              <MetadataToken />
              <Name>Microsoft.Extensions.DependencyInjection.IServiceCollection ELKH.Extensions.ServiceCollectionExtensions::AddEmailServices(Microsoft.Extensions.DependencyInjection.IServiceCollection)</Name>
              <FileRef uid="1" />
              <SequencePoints>
                <SequencePoint vc="7" uspid="96" ordinal="0" sl="96" sc="1" el="96" ec="2" bec="0" bev="0" fileid="1" />
                <SequencePoint vc="7" uspid="98" ordinal="1" sl="98" sc="1" el="98" ec="2" bec="0" bev="0" fileid="1" />
                <SequencePoint vc="7" uspid="99" ordinal="2" sl="99" sc="1" el="99" ec="2" bec="0" bev="0" fileid="1" />
                <SequencePoint vc="7" uspid="100" ordinal="3" sl="100" sc="1" el="100" ec="2" bec="0" bev="0" fileid="1" />
                <SequencePoint vc="7" uspid="101" ordinal="4" sl="101" sc="1" el="101" ec="2" bec="0" bev="0" fileid="1" />
                <SequencePoint vc="7" uspid="102" ordinal="5" sl="102" sc="1" el="102" ec="2" bec="0" bev="0" fileid="1" />
                <SequencePoint vc="7" uspid="103" ordinal="6" sl="103" sc="1" el="103" ec="2" bec="0" bev="0" fileid="1" />
                <SequencePoint vc="7" uspid="104" ordinal="7" sl="104" sc="1" el="104" ec="2" bec="0" bev="0" fileid="1" />
                <SequencePoint vc="7" uspid="105" ordinal="8" sl="105" sc="1" el="105" ec="2" bec="0" bev="0" fileid="1" />
                <SequencePoint vc="7" uspid="109" ordinal="9" sl="109" sc="1" el="109" ec="2" bec="0" bev="0" fileid="1" />
                <SequencePoint vc="7" uspid="110" ordinal="10" sl="110" sc="1" el="110" ec="2" bec="0" bev="0" fileid="1" />
                <SequencePoint vc="7" uspid="112" ordinal="11" sl="112" sc="1" el="112" ec="2" bec="0" bev="0" fileid="1" />
                <SequencePoint vc="7" uspid="113" ordinal="12" sl="113" sc="1" el="113" ec="2" bec="0" bev="0" fileid="1" />
              </SequencePoints>
              <BranchPoints />
              <MethodPoint vc="13" uspid="0" p8:type="SequencePoint" ordinal="3" offset="3" sc="0" sl="96" ec="1" el="113" bec="0" bev="0" fileid="1" xmlns:p8="xsi" />
            </Method>
            <Method cyclomaticComplexity="1" nPathComplexity="1" sequenceCoverage="100" branchCoverage="100" isConstructor="False" isGetter="False" isSetter="False" isStatic="True">
              <Summary numSequencePoints="7" visitedSequencePoints="7" numBranchPoints="0" visitedBranchPoints="0" sequenceCoverage="100" branchCoverage="100" maxCyclomaticComplexity="1" minCyclomaticComplexity="1" visitedClasses="0" numClasses="0" visitedMethods="1" numMethods="1" />
              <MetadataToken />
              <Name>Microsoft.Extensions.DependencyInjection.IServiceCollection ELKH.Extensions.ServiceCollectionExtensions::AddBackgroundServices(Microsoft.Extensions.DependencyInjection.IServiceCollection)</Name>
              <FileRef uid="1" />
              <SequencePoints>
                <SequencePoint vc="7" uspid="119" ordinal="0" sl="119" sc="1" el="119" ec="2" bec="0" bev="0" fileid="1" />
                <SequencePoint vc="7" uspid="120" ordinal="1" sl="120" sc="1" el="120" ec="2" bec="0" bev="0" fileid="1" />
                <SequencePoint vc="7" uspid="121" ordinal="2" sl="121" sc="1" el="121" ec="2" bec="0" bev="0" fileid="1" />
                <SequencePoint vc="7" uspid="124" ordinal="3" sl="124" sc="1" el="124" ec="2" bec="0" bev="0" fileid="1" />
                <SequencePoint vc="7" uspid="125" ordinal="4" sl="125" sc="1" el="125" ec="2" bec="0" bev="0" fileid="1" />
                <SequencePoint vc="7" uspid="127" ordinal="5" sl="127" sc="1" el="127" ec="2" bec="0" bev="0" fileid="1" />
                <SequencePoint vc="7" uspid="128" ordinal="6" sl="128" sc="1" el="128" ec="2" bec="0" bev="0" fileid="1" />
              </SequencePoints>
              <BranchPoints />
              <MethodPoint vc="7" uspid="0" p8:type="SequencePoint" ordinal="4" offset="4" sc="0" sl="119" ec="1" el="128" bec="0" bev="0" fileid="1" xmlns:p8="xsi" />
            </Method>
            <Method cyclomaticComplexity="1" nPathComplexity="1" sequenceCoverage="100" branchCoverage="100" isConstructor="False" isGetter="False" isSetter="False" isStatic="True">
              <Summary numSequencePoints="55" visitedSequencePoints="55" numBranchPoints="0" visitedBranchPoints="0" sequenceCoverage="100" branchCoverage="100" maxCyclomaticComplexity="1" minCyclomaticComplexity="1" visitedClasses="0" numClasses="0" visitedMethods="1" numMethods="1" />
              <MetadataToken />
              <Name>Microsoft.Extensions.DependencyInjection.IServiceCollection ELKH.Extensions.ServiceCollectionExtensions::AddRateLimitingPolicies(Microsoft.Extensions.DependencyInjection.IServiceCollection)</Name>
              <FileRef uid="1" />
              <SequencePoints>
                <SequencePoint vc="7" uspid="135" ordinal="0" sl="135" sc="1" el="135" ec="2" bec="0" bev="0" fileid="1" />
                <SequencePoint vc="7" uspid="136" ordinal="1" sl="136" sc="1" el="136" ec="2" bec="0" bev="0" fileid="1" />
                <SequencePoint vc="7" uspid="137" ordinal="2" sl="137" sc="1" el="137" ec="2" bec="0" bev="0" fileid="1" />
                <SequencePoint vc="7" uspid="138" ordinal="3" sl="138" sc="1" el="138" ec="2" bec="0" bev="0" fileid="1" />
                <SequencePoint vc="7" uspid="139" ordinal="4" sl="139" sc="1" el="139" ec="2" bec="0" bev="0" fileid="1" />
                <SequencePoint vc="7" uspid="140" ordinal="5" sl="140" sc="1" el="140" ec="2" bec="0" bev="0" fileid="1" />
                <SequencePoint vc="7" uspid="141" ordinal="6" sl="141" sc="1" el="141" ec="2" bec="0" bev="0" fileid="1" />
                <SequencePoint vc="7" uspid="142" ordinal="7" sl="142" sc="1" el="142" ec="2" bec="0" bev="0" fileid="1" />
                <SequencePoint vc="7" uspid="143" ordinal="8" sl="143" sc="1" el="143" ec="2" bec="0" bev="0" fileid="1" />
                <SequencePoint vc="7" uspid="144" ordinal="9" sl="144" sc="1" el="144" ec="2" bec="0" bev="0" fileid="1" />
                <SequencePoint vc="7" uspid="145" ordinal="10" sl="145" sc="1" el="145" ec="2" bec="0" bev="0" fileid="1" />
                <SequencePoint vc="7" uspid="146" ordinal="11" sl="146" sc="1" el="146" ec="2" bec="0" bev="0" fileid="1" />
                <SequencePoint vc="7" uspid="147" ordinal="12" sl="147" sc="1" el="147" ec="2" bec="0" bev="0" fileid="1" />
                <SequencePoint vc="7" uspid="148" ordinal="13" sl="148" sc="1" el="148" ec="2" bec="0" bev="0" fileid="1" />
                <SequencePoint vc="7" uspid="149" ordinal="14" sl="149" sc="1" el="149" ec="2" bec="0" bev="0" fileid="1" />
                <SequencePoint vc="7" uspid="150" ordinal="15" sl="150" sc="1" el="150" ec="2" bec="0" bev="0" fileid="1" />
                <SequencePoint vc="7" uspid="151" ordinal="16" sl="151" sc="1" el="151" ec="2" bec="0" bev="0" fileid="1" />
                <SequencePoint vc="7" uspid="152" ordinal="17" sl="152" sc="1" el="152" ec="2" bec="0" bev="0" fileid="1" />
                <SequencePoint vc="7" uspid="153" ordinal="18" sl="153" sc="1" el="153" ec="2" bec="0" bev="0" fileid="1" />
                <SequencePoint vc="7" uspid="154" ordinal="19" sl="154" sc="1" el="154" ec="2" bec="0" bev="0" fileid="1" />
                <SequencePoint vc="7" uspid="155" ordinal="20" sl="155" sc="1" el="155" ec="2" bec="0" bev="0" fileid="1" />
                <SequencePoint vc="7" uspid="156" ordinal="21" sl="156" sc="1" el="156" ec="2" bec="0" bev="0" fileid="1" />
                <SequencePoint vc="7" uspid="157" ordinal="22" sl="157" sc="1" el="157" ec="2" bec="0" bev="0" fileid="1" />
                <SequencePoint vc="7" uspid="158" ordinal="23" sl="158" sc="1" el="158" ec="2" bec="0" bev="0" fileid="1" />
                <SequencePoint vc="7" uspid="159" ordinal="24" sl="159" sc="1" el="159" ec="2" bec="0" bev="0" fileid="1" />
                <SequencePoint vc="7" uspid="160" ordinal="25" sl="160" sc="1" el="160" ec="2" bec="0" bev="0" fileid="1" />
                <SequencePoint vc="7" uspid="161" ordinal="26" sl="161" sc="1" el="161" ec="2" bec="0" bev="0" fileid="1" />
                <SequencePoint vc="7" uspid="162" ordinal="27" sl="162" sc="1" el="162" ec="2" bec="0" bev="0" fileid="1" />
                <SequencePoint vc="7" uspid="163" ordinal="28" sl="163" sc="1" el="163" ec="2" bec="0" bev="0" fileid="1" />
                <SequencePoint vc="7" uspid="164" ordinal="29" sl="164" sc="1" el="164" ec="2" bec="0" bev="0" fileid="1" />
                <SequencePoint vc="7" uspid="165" ordinal="30" sl="165" sc="1" el="165" ec="2" bec="0" bev="0" fileid="1" />
                <SequencePoint vc="7" uspid="166" ordinal="31" sl="166" sc="1" el="166" ec="2" bec="0" bev="0" fileid="1" />
                <SequencePoint vc="7" uspid="167" ordinal="32" sl="167" sc="1" el="167" ec="2" bec="0" bev="0" fileid="1" />
                <SequencePoint vc="7" uspid="168" ordinal="33" sl="168" sc="1" el="168" ec="2" bec="0" bev="0" fileid="1" />
                <SequencePoint vc="7" uspid="169" ordinal="34" sl="169" sc="1" el="169" ec="2" bec="0" bev="0" fileid="1" />
                <SequencePoint vc="7" uspid="170" ordinal="35" sl="170" sc="1" el="170" ec="2" bec="0" bev="0" fileid="1" />
                <SequencePoint vc="7" uspid="171" ordinal="36" sl="171" sc="1" el="171" ec="2" bec="0" bev="0" fileid="1" />
                <SequencePoint vc="7" uspid="172" ordinal="37" sl="172" sc="1" el="172" ec="2" bec="0" bev="0" fileid="1" />
                <SequencePoint vc="7" uspid="173" ordinal="38" sl="173" sc="1" el="173" ec="2" bec="0" bev="0" fileid="1" />
                <SequencePoint vc="7" uspid="174" ordinal="39" sl="174" sc="1" el="174" ec="2" bec="0" bev="0" fileid="1" />
                <SequencePoint vc="7" uspid="175" ordinal="40" sl="175" sc="1" el="175" ec="2" bec="0" bev="0" fileid="1" />
                <SequencePoint vc="7" uspid="176" ordinal="41" sl="176" sc="1" el="176" ec="2" bec="0" bev="0" fileid="1" />
                <SequencePoint vc="7" uspid="177" ordinal="42" sl="177" sc="1" el="177" ec="2" bec="0" bev="0" fileid="1" />
                <SequencePoint vc="7" uspid="178" ordinal="43" sl="178" sc="1" el="178" ec="2" bec="0" bev="0" fileid="1" />
                <SequencePoint vc="7" uspid="179" ordinal="44" sl="179" sc="1" el="179" ec="2" bec="0" bev="0" fileid="1" />
                <SequencePoint vc="7" uspid="180" ordinal="45" sl="180" sc="1" el="180" ec="2" bec="0" bev="0" fileid="1" />
                <SequencePoint vc="7" uspid="181" ordinal="46" sl="181" sc="1" el="181" ec="2" bec="0" bev="0" fileid="1" />
                <SequencePoint vc="7" uspid="182" ordinal="47" sl="182" sc="1" el="182" ec="2" bec="0" bev="0" fileid="1" />
                <SequencePoint vc="7" uspid="183" ordinal="48" sl="183" sc="1" el="183" ec="2" bec="0" bev="0" fileid="1" />
                <SequencePoint vc="7" uspid="184" ordinal="49" sl="184" sc="1" el="184" ec="2" bec="0" bev="0" fileid="1" />
                <SequencePoint vc="7" uspid="185" ordinal="50" sl="185" sc="1" el="185" ec="2" bec="0" bev="0" fileid="1" />
                <SequencePoint vc="7" uspid="186" ordinal="51" sl="186" sc="1" el="186" ec="2" bec="0" bev="0" fileid="1" />
                <SequencePoint vc="7" uspid="187" ordinal="52" sl="187" sc="1" el="187" ec="2" bec="0" bev="0" fileid="1" />
                <SequencePoint vc="7" uspid="189" ordinal="53" sl="189" sc="1" el="189" ec="2" bec="0" bev="0" fileid="1" />
                <SequencePoint vc="7" uspid="190" ordinal="54" sl="190" sc="1" el="190" ec="2" bec="0" bev="0" fileid="1" />
              </SequencePoints>
              <BranchPoints />
              <MethodPoint vc="55" uspid="0" p8:type="SequencePoint" ordinal="5" offset="5" sc="0" sl="135" ec="1" el="190" bec="0" bev="0" fileid="1" xmlns:p8="xsi" />
            </Method>
            <Method cyclomaticComplexity="1" nPathComplexity="1" sequenceCoverage="100" branchCoverage="100" isConstructor="False" isGetter="False" isSetter="False" isStatic="True">
              <Summary numSequencePoints="26" visitedSequencePoints="26" numBranchPoints="0" visitedBranchPoints="0" sequenceCoverage="100" branchCoverage="100" maxCyclomaticComplexity="1" minCyclomaticComplexity="1" visitedClasses="0" numClasses="0" visitedMethods="1" numMethods="1" />
              <MetadataToken />
              <Name>Microsoft.Extensions.DependencyInjection.IServiceCollection ELKH.Extensions.ServiceCollectionExtensions::AddOutputCachingPolicies(Microsoft.Extensions.DependencyInjection.IServiceCollection)</Name>
              <FileRef uid="1" />
              <SequencePoints>
                <SequencePoint vc="7" uspid="192" ordinal="0" sl="192" sc="1" el="192" ec="2" bec="0" bev="0" fileid="1" />
                <SequencePoint vc="7" uspid="193" ordinal="1" sl="193" sc="1" el="193" ec="2" bec="0" bev="0" fileid="1" />
                <SequencePoint vc="7" uspid="194" ordinal="2" sl="194" sc="1" el="194" ec="2" bec="0" bev="0" fileid="1" />
                <SequencePoint vc="7" uspid="195" ordinal="3" sl="195" sc="1" el="195" ec="2" bec="0" bev="0" fileid="1" />
                <SequencePoint vc="7" uspid="196" ordinal="4" sl="196" sc="1" el="196" ec="2" bec="0" bev="0" fileid="1" />
                <SequencePoint vc="7" uspid="197" ordinal="5" sl="197" sc="1" el="197" ec="2" bec="0" bev="0" fileid="1" />
                <SequencePoint vc="7" uspid="198" ordinal="6" sl="198" sc="1" el="198" ec="2" bec="0" bev="0" fileid="1" />
                <SequencePoint vc="7" uspid="199" ordinal="7" sl="199" sc="1" el="199" ec="2" bec="0" bev="0" fileid="1" />
                <SequencePoint vc="7" uspid="200" ordinal="8" sl="200" sc="1" el="200" ec="2" bec="0" bev="0" fileid="1" />
                <SequencePoint vc="7" uspid="201" ordinal="9" sl="201" sc="1" el="201" ec="2" bec="0" bev="0" fileid="1" />
                <SequencePoint vc="7" uspid="202" ordinal="10" sl="202" sc="1" el="202" ec="2" bec="0" bev="0" fileid="1" />
                <SequencePoint vc="7" uspid="203" ordinal="11" sl="203" sc="1" el="203" ec="2" bec="0" bev="0" fileid="1" />
                <SequencePoint vc="7" uspid="204" ordinal="12" sl="204" sc="1" el="204" ec="2" bec="0" bev="0" fileid="1" />
                <SequencePoint vc="7" uspid="205" ordinal="13" sl="205" sc="1" el="205" ec="2" bec="0" bev="0" fileid="1" />
                <SequencePoint vc="7" uspid="206" ordinal="14" sl="206" sc="1" el="206" ec="2" bec="0" bev="0" fileid="1" />
                <SequencePoint vc="7" uspid="207" ordinal="15" sl="207" sc="1" el="207" ec="2" bec="0" bev="0" fileid="1" />
                <SequencePoint vc="7" uspid="208" ordinal="16" sl="208" sc="1" el="208" ec="2" bec="0" bev="0" fileid="1" />
                <SequencePoint vc="7" uspid="209" ordinal="17" sl="209" sc="1" el="209" ec="2" bec="0" bev="0" fileid="1" />
                <SequencePoint vc="7" uspid="210" ordinal="18" sl="210" sc="1" el="210" ec="2" bec="0" bev="0" fileid="1" />
                <SequencePoint vc="7" uspid="211" ordinal="19" sl="211" sc="1" el="211" ec="2" bec="0" bev="0" fileid="1" />
                <SequencePoint vc="7" uspid="212" ordinal="20" sl="212" sc="1" el="212" ec="2" bec="0" bev="0" fileid="1" />
                <SequencePoint vc="7" uspid="213" ordinal="21" sl="213" sc="1" el="213" ec="2" bec="0" bev="0" fileid="1" />
                <SequencePoint vc="7" uspid="214" ordinal="22" sl="214" sc="1" el="214" ec="2" bec="0" bev="0" fileid="1" />
                <SequencePoint vc="7" uspid="215" ordinal="23" sl="215" sc="1" el="215" ec="2" bec="0" bev="0" fileid="1" />
                <SequencePoint vc="7" uspid="217" ordinal="24" sl="217" sc="1" el="217" ec="2" bec="0" bev="0" fileid="1" />
                <SequencePoint vc="7" uspid="218" ordinal="25" sl="218" sc="1" el="218" ec="2" bec="0" bev="0" fileid="1" />
              </SequencePoints>
              <BranchPoints />
              <MethodPoint vc="26" uspid="0" p8:type="SequencePoint" ordinal="6" offset="6" sc="0" sl="192" ec="1" el="218" bec="0" bev="0" fileid="1" xmlns:p8="xsi" />
            </Method>
          </Methods>
        </Class>
        <Class>
          <Summary numSequencePoints="11" visitedSequencePoints="0" numBranchPoints="6" visitedBranchPoints="0" sequenceCoverage="0" branchCoverage="0" maxCyclomaticComplexity="6" minCyclomaticComplexity="6" visitedClasses="0" numClasses="1" visitedMethods="0" numMethods="1" />
          <FullName>AspNetCoreGeneratedDocument.Views_User_LeaveReview</FullName>
          <Methods>
            <Method cyclomaticComplexity="6" nPathComplexity="6" sequenceCoverage="0" branchCoverage="0" isConstructor="False" isGetter="False" isSetter="False" isStatic="True">
              <Summary numSequencePoints="11" visitedSequencePoints="0" numBranchPoints="6" visitedBranchPoints="0" sequenceCoverage="0" branchCoverage="0" maxCyclomaticComplexity="6" minCyclomaticComplexity="6" visitedClasses="0" numClasses="0" visitedMethods="0" numMethods="1" />
              <MetadataToken />
              <Name>System.String AspNetCoreGeneratedDocument.Views_User_LeaveReview::GetRatingText(System.Int32)</Name>
              <FileRef uid="2" />
              <SequencePoints>
                <SequencePoint vc="0" uspid="331" ordinal="0" sl="331" sc="1" el="331" ec="2" bec="0" bev="0" fileid="2" />
                <SequencePoint vc="0" uspid="332" ordinal="1" sl="332" sc="1" el="332" ec="2" bec="6" bev="0" fileid="2" />
                <SequencePoint vc="0" uspid="333" ordinal="2" sl="333" sc="1" el="333" ec="2" bec="0" bev="0" fileid="2" />
                <SequencePoint vc="0" uspid="334" ordinal="3" sl="334" sc="1" el="334" ec="2" bec="0" bev="0" fileid="2" />
                <SequencePoint vc="0" uspid="335" ordinal="4" sl="335" sc="1" el="335" ec="2" bec="0" bev="0" fileid="2" />
                <SequencePoint vc="0" uspid="336" ordinal="5" sl="336" sc="1" el="336" ec="2" bec="0" bev="0" fileid="2" />
                <SequencePoint vc="0" uspid="337" ordinal="6" sl="337" sc="1" el="337" ec="2" bec="0" bev="0" fileid="2" />
                <SequencePoint vc="0" uspid="338" ordinal="7" sl="338" sc="1" el="338" ec="2" bec="0" bev="0" fileid="2" />
                <SequencePoint vc="0" uspid="339" ordinal="8" sl="339" sc="1" el="339" ec="2" bec="0" bev="0" fileid="2" />
                <SequencePoint vc="0" uspid="340" ordinal="9" sl="340" sc="1" el="340" ec="2" bec="0" bev="0" fileid="2" />
                <SequencePoint vc="0" uspid="341" ordinal="10" sl="341" sc="1" el="341" ec="2" bec="0" bev="0" fileid="2" />
              </SequencePoints>
              <BranchPoints>
                <BranchPoint vc="0" uspid="332" ordinal="1" path="1" offset="8" offsetend="35" sl="332" fileid="2" />
                <BranchPoint vc="0" uspid="332" ordinal="2" path="2" offset="8" offsetend="43" sl="332" fileid="2" />
                <BranchPoint vc="0" uspid="332" ordinal="3" path="3" offset="8" offsetend="51" sl="332" fileid="2" />
                <BranchPoint vc="0" uspid="332" ordinal="4" path="4" offset="8" offsetend="59" sl="332" fileid="2" />
                <BranchPoint vc="0" uspid="332" ordinal="5" path="5" offset="8" offsetend="67" sl="332" fileid="2" />
                <BranchPoint vc="0" uspid="332" ordinal="0" path="0" offset="8" offsetend="75" sl="332" fileid="2" />
              </BranchPoints>
              <MethodPoint vc="0" uspid="0" p8:type="SequencePoint" ordinal="0" offset="0" sc="0" sl="331" ec="1" el="341" bec="0" bev="0" fileid="2" xmlns:p8="xsi" />
            </Method>
          </Methods>
        </Class>
        <Class>
          <Summary numSequencePoints="2" visitedSequencePoints="2" numBranchPoints="0" visitedBranchPoints="0" sequenceCoverage="100" branchCoverage="100" maxCyclomaticComplexity="1" minCyclomaticComplexity="1" visitedClasses="1" numClasses="1" visitedMethods="2" numMethods="2" />
          <FullName>ELKH.ViewModels.CartVM</FullName>
          <Methods>
            <Method cyclomaticComplexity="1" nPathComplexity="1" sequenceCoverage="100" branchCoverage="100" isConstructor="False" isGetter="True" isSetter="False" isStatic="True">
              <Summary numSequencePoints="1" visitedSequencePoints="1" numBranchPoints="0" visitedBranchPoints="0" sequenceCoverage="100" branchCoverage="100" maxCyclomaticComplexity="1" minCyclomaticComplexity="1" visitedClasses="0" numClasses="0" visitedMethods="1" numMethods="1" />
              <MetadataToken />
              <Name>System.Decimal ELKH.ViewModels.CartVM::get_Subtotal()</Name>
              <FileRef uid="3" />
              <SequencePoints>
                <SequencePoint vc="44" uspid="28" ordinal="0" sl="28" sc="1" el="28" ec="2" bec="0" bev="0" fileid="3" />
              </SequencePoints>
              <BranchPoints />
              <MethodPoint vc="1" uspid="0" p8:type="SequencePoint" ordinal="0" offset="0" sc="0" sl="28" ec="1" el="28" bec="0" bev="0" fileid="3" xmlns:p8="xsi" />
            </Method>
            <Method cyclomaticComplexity="1" nPathComplexity="1" sequenceCoverage="100" branchCoverage="100" isConstructor="False" isGetter="True" isSetter="False" isStatic="True">
              <Summary numSequencePoints="1" visitedSequencePoints="1" numBranchPoints="0" visitedBranchPoints="0" sequenceCoverage="100" branchCoverage="100" maxCyclomaticComplexity="1" minCyclomaticComplexity="1" visitedClasses="0" numClasses="0" visitedMethods="1" numMethods="1" />
              <MetadataToken />
              <Name>System.Boolean ELKH.ViewModels.CartVM::get_IsEmpty()</Name>
              <FileRef uid="3" />
              <SequencePoints>
                <SequencePoint vc="18" uspid="32" ordinal="0" sl="32" sc="1" el="32" ec="2" bec="0" bev="0" fileid="3" />
              </SequencePoints>
              <BranchPoints />
              <MethodPoint vc="1" uspid="0" p8:type="SequencePoint" ordinal="1" offset="1" sc="0" sl="32" ec="1" el="32" bec="0" bev="0" fileid="3" xmlns:p8="xsi" />
            </Method>
          </Methods>
        </Class>
        <Class>
          <Summary numSequencePoints="2" visitedSequencePoints="1" numBranchPoints="0" visitedBranchPoints="0" sequenceCoverage="50" branchCoverage="100" maxCyclomaticComplexity="1" minCyclomaticComplexity="1" visitedClasses="1" numClasses="1" visitedMethods="1" numMethods="2" />
          <FullName>ELKH.ViewModels.ContactDetailVM</FullName>
          <Methods>
            <Method cyclomaticComplexity="1" nPathComplexity="1" sequenceCoverage="0" branchCoverage="100" isConstructor="False" isGetter="True" isSetter="False" isStatic="True">
              <Summary numSequencePoints="1" visitedSequencePoints="0" numBranchPoints="0" visitedBranchPoints="0" sequenceCoverage="0" branchCoverage="100" maxCyclomaticComplexity="1" minCyclomaticComplexity="1" visitedClasses="0" numClasses="0" visitedMethods="0" numMethods="1" />
              <MetadataToken />
              <Name>System.String ELKH.ViewModels.ContactDetailVM::get_PostalCode()</Name>
              <FileRef uid="4" />
              <SequencePoints>
                <SequencePoint vc="0" uspid="60" ordinal="0" sl="60" sc="1" el="60" ec="2" bec="0" bev="0" fileid="4" />
              </SequencePoints>
              <BranchPoints />
              <MethodPoint vc="0" uspid="0" p8:type="SequencePoint" ordinal="0" offset="0" sc="0" sl="60" ec="1" el="60" bec="0" bev="0" fileid="4" xmlns:p8="xsi" />
            </Method>
            <Method cyclomaticComplexity="1" nPathComplexity="1" sequenceCoverage="100" branchCoverage="100" isConstructor="False" isGetter="False" isSetter="True" isStatic="True">
              <Summary numSequencePoints="1" visitedSequencePoints="1" numBranchPoints="0" visitedBranchPoints="0" sequenceCoverage="100" branchCoverage="100" maxCyclomaticComplexity="1" minCyclomaticComplexity="1" visitedClasses="0" numClasses="0" visitedMethods="1" numMethods="1" />
              <MetadataToken />
              <Name>System.Void ELKH.ViewModels.ContactDetailVM::set_PostalCode(System.String)</Name>
              <FileRef uid="4" />
              <SequencePoints>
                <SequencePoint vc="1" uspid="61" ordinal="0" sl="61" sc="1" el="61" ec="2" bec="0" bev="0" fileid="4" />
              </SequencePoints>
              <BranchPoints />
              <MethodPoint vc="1" uspid="0" p8:type="SequencePoint" ordinal="1" offset="1" sc="0" sl="61" ec="1" el="61" bec="0" bev="0" fileid="4" xmlns:p8="xsi" />
            </Method>
          </Methods>
        </Class>
        <Class>
          <Summary numSequencePoints="1" visitedSequencePoints="0" numBranchPoints="0" visitedBranchPoints="0" sequenceCoverage="0" branchCoverage="100" maxCyclomaticComplexity="1" minCyclomaticComplexity="1" visitedClasses="0" numClasses="1" visitedMethods="0" numMethods="1" />
          <FullName>ELKH.ViewModels.ErrorVM</FullName>
          <Methods>
            <Method cyclomaticComplexity="1" nPathComplexity="1" sequenceCoverage="0" branchCoverage="100" isConstructor="False" isGetter="True" isSetter="False" isStatic="True">
              <Summary numSequencePoints="1" visitedSequencePoints="0" numBranchPoints="0" visitedBranchPoints="0" sequenceCoverage="0" branchCoverage="100" maxCyclomaticComplexity="1" minCyclomaticComplexity="1" visitedClasses="0" numClasses="0" visitedMethods="0" numMethods="1" />
              <MetadataToken />
              <Name>System.Boolean ELKH.ViewModels.ErrorVM::get_ShowRequestId()</Name>
              <FileRef uid="5" />
              <SequencePoints>
                <SequencePoint vc="0" uspid="16" ordinal="0" sl="16" sc="1" el="16" ec="2" bec="0" bev="0" fileid="5" />
              </SequencePoints>
              <BranchPoints />
              <MethodPoint vc="0" uspid="0" p8:type="SequencePoint" ordinal="0" offset="0" sc="0" sl="16" ec="1" el="16" bec="0" bev="0" fileid="5" xmlns:p8="xsi" />
            </Method>
          </Methods>
        </Class>
        <Class>
          <Summary numSequencePoints="2" visitedSequencePoints="2" numBranchPoints="0" visitedBranchPoints="0" sequenceCoverage="100" branchCoverage="100" maxCyclomaticComplexity="1" minCyclomaticComplexity="1" visitedClasses="1" numClasses="1" visitedMethods="2" numMethods="2" />
          <FullName>ELKH.ViewModels.GuestCheckoutVM</FullName>
          <Methods>
            <Method cyclomaticComplexity="1" nPathComplexity="1" sequenceCoverage="100" branchCoverage="100" isConstructor="False" isGetter="True" isSetter="False" isStatic="True">
              <Summary numSequencePoints="1" visitedSequencePoints="1" numBranchPoints="0" visitedBranchPoints="0" sequenceCoverage="100" branchCoverage="100" maxCyclomaticComplexity="1" minCyclomaticComplexity="1" visitedClasses="0" numClasses="0" visitedMethods="1" numMethods="1" />
              <MetadataToken />
              <Name>System.Decimal ELKH.ViewModels.GuestCheckoutVM::get_Subtotal()</Name>
              <FileRef uid="6" />
              <SequencePoints>
                <SequencePoint vc="6" uspid="136" ordinal="0" sl="136" sc="1" el="136" ec="2" bec="0" bev="0" fileid="6" />
              </SequencePoints>
              <BranchPoints />
              <MethodPoint vc="1" uspid="0" p8:type="SequencePoint" ordinal="0" offset="0" sc="0" sl="136" ec="1" el="136" bec="0" bev="0" fileid="6" xmlns:p8="xsi" />
            </Method>
            <Method cyclomaticComplexity="1" nPathComplexity="1" sequenceCoverage="100" branchCoverage="100" isConstructor="False" isGetter="True" isSetter="False" isStatic="True">
              <Summary numSequencePoints="1" visitedSequencePoints="1" numBranchPoints="0" visitedBranchPoints="0" sequenceCoverage="100" branchCoverage="100" maxCyclomaticComplexity="1" minCyclomaticComplexity="1" visitedClasses="0" numClasses="0" visitedMethods="1" numMethods="1" />
              <MetadataToken />
              <Name>System.Decimal ELKH.ViewModels.GuestCheckoutVM::get_Total()</Name>
              <FileRef uid="6" />
              <SequencePoints>
                <SequencePoint vc="1" uspid="151" ordinal="0" sl="151" sc="1" el="151" ec="2" bec="0" bev="0" fileid="6" />
              </SequencePoints>
              <BranchPoints />
              <MethodPoint vc="1" uspid="0" p8:type="SequencePoint" ordinal="1" offset="1" sc="0" sl="151" ec="1" el="151" bec="0" bev="0" fileid="6" xmlns:p8="xsi" />
            </Method>
          </Methods>
        </Class>
        <Class>
          <Summary numSequencePoints="1" visitedSequencePoints="0" numBranchPoints="0" visitedBranchPoints="0" sequenceCoverage="0" branchCoverage="100" maxCyclomaticComplexity="1" minCyclomaticComplexity="1" visitedClasses="0" numClasses="1" visitedMethods="0" numMethods="1" />
          <FullName>ELKH.ViewModels.OrderVM</FullName>
          <Methods>
            <Method cyclomaticComplexity="1" nPathComplexity="1" sequenceCoverage="0" branchCoverage="100" isConstructor="False" isGetter="True" isSetter="False" isStatic="True">
              <Summary numSequencePoints="1" visitedSequencePoints="0" numBranchPoints="0" visitedBranchPoints="0" sequenceCoverage="0" branchCoverage="100" maxCyclomaticComplexity="1" minCyclomaticComplexity="1" visitedClasses="0" numClasses="0" visitedMethods="0" numMethods="1" />
              <MetadataToken />
              <Name>System.Boolean ELKH.ViewModels.OrderVM::get_CanCancel()</Name>
              <FileRef uid="7" />
              <SequencePoints>
                <SequencePoint vc="0" uspid="12" ordinal="0" sl="12" sc="1" el="12" ec="2" bec="0" bev="0" fileid="7" />
              </SequencePoints>
              <BranchPoints />
              <MethodPoint vc="0" uspid="0" p8:type="SequencePoint" ordinal="0" offset="0" sc="0" sl="12" ec="1" el="12" bec="0" bev="0" fileid="7" xmlns:p8="xsi" />
            </Method>
          </Methods>
        </Class>
        <Class>
          <Summary numSequencePoints="3" visitedSequencePoints="3" numBranchPoints="0" visitedBranchPoints="0" sequenceCoverage="100" branchCoverage="100" maxCyclomaticComplexity="1" minCyclomaticComplexity="1" visitedClasses="1" numClasses="1" visitedMethods="3" numMethods="3" />
          <FullName>ELKH.ViewModels.PagedResult`1</FullName>
          <Methods>
            <Method cyclomaticComplexity="1" nPathComplexity="1" sequenceCoverage="100" branchCoverage="100" isConstructor="False" isGetter="True" isSetter="False" isStatic="True">
              <Summary numSequencePoints="1" visitedSequencePoints="1" numBranchPoints="0" visitedBranchPoints="0" sequenceCoverage="100" branchCoverage="100" maxCyclomaticComplexity="1" minCyclomaticComplexity="1" visitedClasses="0" numClasses="0" visitedMethods="1" numMethods="1" />
              <MetadataToken />
              <Name>System.Int32 ELKH.ViewModels.PagedResult`1::get_TotalItems()</Name>
              <FileRef uid="8" />
              <SequencePoints>
                <SequencePoint vc="4" uspid="16" ordinal="0" sl="16" sc="1" el="16" ec="2" bec="0" bev="0" fileid="8" />
              </SequencePoints>
              <BranchPoints />
              <MethodPoint vc="1" uspid="0" p8:type="SequencePoint" ordinal="0" offset="0" sc="0" sl="16" ec="1" el="16" bec="0" bev="0" fileid="8" xmlns:p8="xsi" />
            </Method>
            <Method cyclomaticComplexity="1" nPathComplexity="1" sequenceCoverage="100" branchCoverage="100" isConstructor="False" isGetter="True" isSetter="False" isStatic="True">
              <Summary numSequencePoints="1" visitedSequencePoints="1" numBranchPoints="0" visitedBranchPoints="0" sequenceCoverage="100" branchCoverage="100" maxCyclomaticComplexity="1" minCyclomaticComplexity="1" visitedClasses="0" numClasses="0" visitedMethods="1" numMethods="1" />
              <MetadataToken />
              <Name>System.Int32 ELKH.ViewModels.PagedResult`1::get_CurrentPage()</Name>
              <FileRef uid="8" />
              <SequencePoints>
                <SequencePoint vc="4" uspid="17" ordinal="0" sl="17" sc="1" el="17" ec="2" bec="0" bev="0" fileid="8" />
              </SequencePoints>
              <BranchPoints />
              <MethodPoint vc="1" uspid="0" p8:type="SequencePoint" ordinal="1" offset="1" sc="0" sl="17" ec="1" el="17" bec="0" bev="0" fileid="8" xmlns:p8="xsi" />
            </Method>
            <Method cyclomaticComplexity="1" nPathComplexity="1" sequenceCoverage="100" branchCoverage="100" isConstructor="False" isGetter="True" isSetter="False" isStatic="True">
              <Summary numSequencePoints="1" visitedSequencePoints="1" numBranchPoints="0" visitedBranchPoints="0" sequenceCoverage="100" branchCoverage="100" maxCyclomaticComplexity="1" minCyclomaticComplexity="1" visitedClasses="0" numClasses="0" visitedMethods="1" numMethods="1" />
              <MetadataToken />
              <Name>System.Int32 ELKH.ViewModels.PagedResult`1::get_AllPages()</Name>
              <FileRef uid="8" />
              <SequencePoints>
                <SequencePoint vc="4" uspid="18" ordinal="0" sl="18" sc="1" el="18" ec="2" bec="0" bev="0" fileid="8" />
              </SequencePoints>
              <BranchPoints />
              <MethodPoint vc="1" uspid="0" p8:type="SequencePoint" ordinal="2" offset="2" sc="0" sl="18" ec="1" el="18" bec="0" bev="0" fileid="8" xmlns:p8="xsi" />
            </Method>
          </Methods>
        </Class>
        <Class>
          <Summary numSequencePoints="3" visitedSequencePoints="3" numBranchPoints="2" visitedBranchPoints="2" sequenceCoverage="100" branchCoverage="100" maxCyclomaticComplexity="2" minCyclomaticComplexity="1" visitedClasses="1" numClasses="1" visitedMethods="3" numMethods="3" />
          <FullName>ELKH.ViewModels.ProductVM</FullName>
          <Methods>
            <Method cyclomaticComplexity="1" nPathComplexity="1" sequenceCoverage="100" branchCoverage="100" isConstructor="False" isGetter="True" isSetter="False" isStatic="True">
              <Summary numSequencePoints="1" visitedSequencePoints="1" numBranchPoints="0" visitedBranchPoints="0" sequenceCoverage="100" branchCoverage="100" maxCyclomaticComplexity="1" minCyclomaticComplexity="1" visitedClasses="0" numClasses="0" visitedMethods="1" numMethods="1" />
              <MetadataToken />
              <Name>System.Boolean ELKH.ViewModels.ProductVM::get_IsNewArrival()</Name>
              <FileRef uid="9" />
              <SequencePoints>
                <SequencePoint vc="891" uspid="79" ordinal="0" sl="79" sc="1" el="79" ec="2" bec="0" bev="0" fileid="9" />
              </SequencePoints>
              <BranchPoints />
              <MethodPoint vc="1" uspid="0" p8:type="SequencePoint" ordinal="0" offset="0" sc="0" sl="79" ec="1" el="79" bec="0" bev="0" fileid="9" xmlns:p8="xsi" />
            </Method>
            <Method cyclomaticComplexity="1" nPathComplexity="1" sequenceCoverage="100" branchCoverage="100" isConstructor="False" isGetter="True" isSetter="False" isStatic="True">
              <Summary numSequencePoints="1" visitedSequencePoints="1" numBranchPoints="0" visitedBranchPoints="0" sequenceCoverage="100" branchCoverage="100" maxCyclomaticComplexity="1" minCyclomaticComplexity="1" visitedClasses="0" numClasses="0" visitedMethods="1" numMethods="1" />
              <MetadataToken />
              <Name>System.Boolean ELKH.ViewModels.ProductVM::get_IsInStock()</Name>
              <FileRef uid="9" />
              <SequencePoints>
                <SequencePoint vc="1805" uspid="82" ordinal="0" sl="82" sc="1" el="82" ec="2" bec="0" bev="0" fileid="9" />
              </SequencePoints>
              <BranchPoints />
              <MethodPoint vc="1" uspid="0" p8:type="SequencePoint" ordinal="1" offset="1" sc="0" sl="82" ec="1" el="82" bec="0" bev="0" fileid="9" xmlns:p8="xsi" />
            </Method>
            <Method cyclomaticComplexity="2" nPathComplexity="2" sequenceCoverage="100" branchCoverage="100" isConstructor="False" isGetter="True" isSetter="False" isStatic="True">
              <Summary numSequencePoints="1" visitedSequencePoints="1" numBranchPoints="2" visitedBranchPoints="2" sequenceCoverage="100" branchCoverage="100" maxCyclomaticComplexity="2" minCyclomaticComplexity="2" visitedClasses="0" numClasses="0" visitedMethods="1" numMethods="1" />
              <MetadataToken />
              <Name>System.Boolean ELKH.ViewModels.ProductVM::get_IsLowStock()</Name>
              <FileRef uid="9" />
              <SequencePoints>
                <SequencePoint vc="891" uspid="85" ordinal="0" sl="85" sc="1" el="85" ec="2" bec="2" bev="2" fileid="9" />
              </SequencePoints>
              <BranchPoints>
                <BranchPoint vc="886" uspid="85" ordinal="0" path="0" offset="15" offsetend="17" sl="85" fileid="9" />
                <BranchPoint vc="5" uspid="85" ordinal="1" path="1" offset="15" offsetend="37" sl="85" fileid="9" />
              </BranchPoints>
              <MethodPoint vc="1" uspid="0" p8:type="SequencePoint" ordinal="2" offset="2" sc="0" sl="85" ec="1" el="85" bec="0" bev="0" fileid="9" xmlns:p8="xsi" />
            </Method>
          </Methods>
        </Class>
        <Class>
          <Summary numSequencePoints="10" visitedSequencePoints="0" numBranchPoints="8" visitedBranchPoints="0" sequenceCoverage="0" branchCoverage="0" maxCyclomaticComplexity="4" minCyclomaticComplexity="2" visitedClasses="0" numClasses="1" visitedMethods="0" numMethods="3" />
          <FullName>ELKH.ViewModels.ShippingMethodVM</FullName>
          <Methods>
            <Method cyclomaticComplexity="4" nPathComplexity="4" sequenceCoverage="0" branchCoverage="0" isConstructor="False" isGetter="True" isSetter="False" isStatic="True">
              <Summary numSequencePoints="8" visitedSequencePoints="0" numBranchPoints="4" visitedBranchPoints="0" sequenceCoverage="0" branchCoverage="0" maxCyclomaticComplexity="4" minCyclomaticComplexity="4" visitedClasses="0" numClasses="0" visitedMethods="0" numMethods="1" />
              <MetadataToken />
              <Name>System.String ELKH.ViewModels.ShippingMethodVM::get_DeliveryTimeframe()</Name>
              <FileRef uid="10" />
              <SequencePoints>
                <SequencePoint vc="0" uspid="118" ordinal="0" sl="118" sc="1" el="118" ec="2" bec="0" bev="0" fileid="10" />
                <SequencePoint vc="0" uspid="119" ordinal="1" sl="119" sc="1" el="119" ec="2" bec="2" bev="0" fileid="10" />
                <SequencePoint vc="0" uspid="120" ordinal="2" sl="120" sc="1" el="120" ec="2" bec="0" bev="0" fileid="10" />
                <SequencePoint vc="0" uspid="121" ordinal="3" sl="121" sc="1" el="121" ec="2" bec="2" bev="0" fileid="10" />
                <SequencePoint vc="0" uspid="122" ordinal="4" sl="122" sc="1" el="122" ec="2" bec="0" bev="0" fileid="10" />
                <SequencePoint vc="0" uspid="123" ordinal="5" sl="123" sc="1" el="123" ec="2" bec="0" bev="0" fileid="10" />
                <SequencePoint vc="0" uspid="125" ordinal="6" sl="125" sc="1" el="125" ec="2" bec="0" bev="0" fileid="10" />
                <SequencePoint vc="0" uspid="126" ordinal="7" sl="126" sc="1" el="126" ec="2" bec="0" bev="0" fileid="10" />
              </SequencePoints>
              <BranchPoints>
                <BranchPoint vc="0" uspid="119" ordinal="0" path="0" offset="17" offsetend="19" sl="119" fileid="10" />
                <BranchPoint vc="0" uspid="121" ordinal="2" path="0" offset="27" offsetend="29" sl="121" fileid="10" />
                <BranchPoint vc="0" uspid="121" ordinal="3" path="1" offset="27" offsetend="75" sl="121" fileid="10" />
                <BranchPoint vc="0" uspid="119" ordinal="1" path="1" offset="17" offsetend="83" sl="119" fileid="10" />
              </BranchPoints>
              <MethodPoint vc="0" uspid="0" p8:type="SequencePoint" ordinal="0" offset="0" sc="0" sl="118" ec="1" el="126" bec="0" bev="0" fileid="10" xmlns:p8="xsi" />
            </Method>
            <Method cyclomaticComplexity="2" nPathComplexity="2" sequenceCoverage="0" branchCoverage="0" isConstructor="False" isGetter="True" isSetter="False" isStatic="True">
              <Summary numSequencePoints="1" visitedSequencePoints="0" numBranchPoints="2" visitedBranchPoints="0" sequenceCoverage="0" branchCoverage="0" maxCyclomaticComplexity="2" minCyclomaticComplexity="2" visitedClasses="0" numClasses="0" visitedMethods="0" numMethods="1" />
              <MetadataToken />
              <Name>System.String ELKH.ViewModels.ShippingMethodVM::get_StatusDisplay()</Name>
              <FileRef uid="10" />
              <SequencePoints>
                <SequencePoint vc="0" uspid="133" ordinal="0" sl="133" sc="1" el="133" ec="2" bec="2" bev="0" fileid="10" />
              </SequencePoints>
              <BranchPoints>
                <BranchPoint vc="0" uspid="133" ordinal="0" path="0" offset="6" offsetend="8" sl="133" fileid="10" />
                <BranchPoint vc="0" uspid="133" ordinal="1" path="1" offset="6" offsetend="15" sl="133" fileid="10" />
              </BranchPoints>
              <MethodPoint vc="0" uspid="0" p8:type="SequencePoint" ordinal="1" offset="1" sc="0" sl="133" ec="1" el="133" bec="0" bev="0" fileid="10" xmlns:p8="xsi" />
            </Method>
            <Method cyclomaticComplexity="2" nPathComplexity="2" sequenceCoverage="0" branchCoverage="0" isConstructor="False" isGetter="True" isSetter="False" isStatic="True">
              <Summary numSequencePoints="1" visitedSequencePoints="0" numBranchPoints="2" visitedBranchPoints="0" sequenceCoverage="0" branchCoverage="0" maxCyclomaticComplexity="2" minCyclomaticComplexity="2" visitedClasses="0" numClasses="0" visitedMethods="0" numMethods="1" />
              <MetadataToken />
              <Name>System.String ELKH.ViewModels.ShippingMethodVM::get_StatusBadgeClass()</Name>
              <FileRef uid="10" />
              <SequencePoints>
                <SequencePoint vc="0" uspid="139" ordinal="0" sl="139" sc="1" el="139" ec="2" bec="2" bev="0" fileid="10" />
              </SequencePoints>
              <BranchPoints>
                <BranchPoint vc="0" uspid="139" ordinal="0" path="0" offset="6" offsetend="8" sl="139" fileid="10" />
                <BranchPoint vc="0" uspid="139" ordinal="1" path="1" offset="6" offsetend="15" sl="139" fileid="10" />
              </BranchPoints>
              <MethodPoint vc="0" uspid="0" p8:type="SequencePoint" ordinal="2" offset="2" sc="0" sl="139" ec="1" el="139" bec="0" bev="0" fileid="10" xmlns:p8="xsi" />
            </Method>
          </Methods>
        </Class>
        <Class>
          <Summary numSequencePoints="1" visitedSequencePoints="0" numBranchPoints="2" visitedBranchPoints="0" sequenceCoverage="0" branchCoverage="0" maxCyclomaticComplexity="2" minCyclomaticComplexity="2" visitedClasses="0" numClasses="1" visitedMethods="0" numMethods="1" />
          <FullName>ELKH.ViewModels.WishlistPreviewItemVM</FullName>
          <Methods>
            <Method cyclomaticComplexity="2" nPathComplexity="2" sequenceCoverage="0" branchCoverage="0" isConstructor="False" isGetter="True" isSetter="False" isStatic="True">
              <Summary numSequencePoints="1" visitedSequencePoints="0" numBranchPoints="2" visitedBranchPoints="0" sequenceCoverage="0" branchCoverage="0" maxCyclomaticComplexity="2" minCyclomaticComplexity="2" visitedClasses="0" numClasses="0" visitedMethods="0" numMethods="1" />
              <MetadataToken />
              <Name>System.Decimal ELKH.ViewModels.WishlistPreviewItemVM::get_EffectivePrice()</Name>
              <FileRef uid="11" />
              <SequencePoints>
                <SequencePoint vc="0" uspid="40" ordinal="0" sl="40" sc="1" el="40" ec="2" bec="2" bev="0" fileid="11" />
              </SequencePoints>
              <BranchPoints>
                <BranchPoint vc="0" uspid="40" ordinal="0" path="0" offset="16" offsetend="18" sl="40" fileid="11" />
                <BranchPoint vc="0" uspid="40" ordinal="1" path="1" offset="16" offsetend="26" sl="40" fileid="11" />
              </BranchPoints>
              <MethodPoint vc="0" uspid="0" p8:type="SequencePoint" ordinal="0" offset="0" sc="0" sl="40" ec="1" el="40" bec="0" bev="0" fileid="11" xmlns:p8="xsi" />
            </Method>
          </Methods>
        </Class>
        <Class>
          <Summary numSequencePoints="5" visitedSequencePoints="5" numBranchPoints="0" visitedBranchPoints="0" sequenceCoverage="100" branchCoverage="100" maxCyclomaticComplexity="1" minCyclomaticComplexity="1" visitedClasses="1" numClasses="1" visitedMethods="1" numMethods="1" />
          <FullName>ELKH.ViewModels.DashboardData</FullName>
          <Methods>
            <Method cyclomaticComplexity="1" nPathComplexity="1" sequenceCoverage="100" branchCoverage="100" isConstructor="True" isGetter="False" isSetter="False" isStatic="True">
              <Summary numSequencePoints="5" visitedSequencePoints="5" numBranchPoints="0" visitedBranchPoints="0" sequenceCoverage="100" branchCoverage="100" maxCyclomaticComplexity="1" minCyclomaticComplexity="1" visitedClasses="0" numClasses="0" visitedMethods="1" numMethods="1" />
              <MetadataToken />
              <Name>System.Void ELKH.ViewModels.DashboardData::.ctor(System.Int32,ELKH.ViewModels.WishlistSectionVM,ELKH.ViewModels.OrderSectionVM,ELKH.ViewModels.OrderSectionVM)</Name>
              <FileRef uid="11" />
              <SequencePoints>
[...]
              <FileRef uid="126" />
              <SequencePoints>
                <SequencePoint vc="0" uspid="86" ordinal="0" sl="86" sc="1" el="86" ec="2" bec="0" bev="0" fileid="126" />
              </SequencePoints>
              <BranchPoints />
              <MethodPoint vc="0" uspid="0" p8:type="SequencePoint" ordinal="11" offset="11" sc="0" sl="86" ec="1" el="86" bec="0" bev="0" fileid="126" xmlns:p8="xsi" />
            </Method>
            <Method cyclomaticComplexity="1" nPathComplexity="1" sequenceCoverage="0" branchCoverage="100" isConstructor="False" isGetter="False" isSetter="False" isStatic="True">
              <Summary numSequencePoints="1" visitedSequencePoints="0" numBranchPoints="0" visitedBranchPoints="0" sequenceCoverage="0" branchCoverage="100" maxCyclomaticComplexity="1" minCyclomaticComplexity="1" visitedClasses="0" numClasses="0" visitedMethods="0" numMethods="1" />
              <MetadataToken />
              <Name>System.String ELKH.Areas.Identity.Pages.Account.Manage.ManageNavPages::DeletePersonalDataNavClass(Microsoft.AspNetCore.Mvc.Rendering.ViewContext)</Name>
              <FileRef uid="126" />
              <SequencePoints>
                <SequencePoint vc="0" uspid="92" ordinal="0" sl="92" sc="1" el="92" ec="2" bec="0" bev="0" fileid="126" />
              </SequencePoints>
              <BranchPoints />
              <MethodPoint vc="0" uspid="0" p8:type="SequencePoint" ordinal="12" offset="12" sc="0" sl="92" ec="1" el="92" bec="0" bev="0" fileid="126" xmlns:p8="xsi" />
            </Method>
            <Method cyclomaticComplexity="1" nPathComplexity="1" sequenceCoverage="0" branchCoverage="100" isConstructor="False" isGetter="False" isSetter="False" isStatic="True">
              <Summary numSequencePoints="1" visitedSequencePoints="0" numBranchPoints="0" visitedBranchPoints="0" sequenceCoverage="0" branchCoverage="100" maxCyclomaticComplexity="1" minCyclomaticComplexity="1" visitedClasses="0" numClasses="0" visitedMethods="0" numMethods="1" />
              <MetadataToken />
              <Name>System.String ELKH.Areas.Identity.Pages.Account.Manage.ManageNavPages::ExternalLoginsNavClass(Microsoft.AspNetCore.Mvc.Rendering.ViewContext)</Name>
              <FileRef uid="126" />
              <SequencePoints>
                <SequencePoint vc="0" uspid="98" ordinal="0" sl="98" sc="1" el="98" ec="2" bec="0" bev="0" fileid="126" />
              </SequencePoints>
              <BranchPoints />
              <MethodPoint vc="0" uspid="0" p8:type="SequencePoint" ordinal="13" offset="13" sc="0" sl="98" ec="1" el="98" bec="0" bev="0" fileid="126" xmlns:p8="xsi" />
            </Method>
            <Method cyclomaticComplexity="1" nPathComplexity="1" sequenceCoverage="0" branchCoverage="100" isConstructor="False" isGetter="False" isSetter="False" isStatic="True">
              <Summary numSequencePoints="1" visitedSequencePoints="0" numBranchPoints="0" visitedBranchPoints="0" sequenceCoverage="0" branchCoverage="100" maxCyclomaticComplexity="1" minCyclomaticComplexity="1" visitedClasses="0" numClasses="0" visitedMethods="0" numMethods="1" />
              <MetadataToken />
              <Name>System.String ELKH.Areas.Identity.Pages.Account.Manage.ManageNavPages::PersonalDataNavClass(Microsoft.AspNetCore.Mvc.Rendering.ViewContext)</Name>
              <FileRef uid="126" />
              <SequencePoints>
                <SequencePoint vc="0" uspid="104" ordinal="0" sl="104" sc="1" el="104" ec="2" bec="0" bev="0" fileid="126" />
              </SequencePoints>
              <BranchPoints />
              <MethodPoint vc="0" uspid="0" p8:type="SequencePoint" ordinal="14" offset="14" sc="0" sl="104" ec="1" el="104" bec="0" bev="0" fileid="126" xmlns:p8="xsi" />
            </Method>
            <Method cyclomaticComplexity="1" nPathComplexity="1" sequenceCoverage="0" branchCoverage="100" isConstructor="True" isGetter="False" isSetter="False" isStatic="True">
              <Summary numSequencePoints="1" visitedSequencePoints="0" numBranchPoints="0" visitedBranchPoints="0" sequenceCoverage="0" branchCoverage="100" maxCyclomaticComplexity="1" minCyclomaticComplexity="1" visitedClasses="0" numClasses="0" visitedMethods="0" numMethods="1" />
              <MetadataToken />
              <Name>System.String ELKH.Areas.Identity.Pages.Account.Manage.ManageNavPages::TwoFactorAuthenticationNavClass(Microsoft.AspNetCore.Mvc.Rendering.ViewContext)</Name>
              <FileRef uid="126" />
              <SequencePoints>
                <SequencePoint vc="0" uspid="110" ordinal="0" sl="110" sc="1" el="110" ec="2" bec="0" bev="0" fileid="126" />
              </SequencePoints>
              <BranchPoints />
              <MethodPoint vc="0" uspid="0" p8:type="SequencePoint" ordinal="15" offset="15" sc="0" sl="110" ec="1" el="110" bec="0" bev="0" fileid="126" xmlns:p8="xsi" />
            </Method>
            <Method cyclomaticComplexity="4" nPathComplexity="4" sequenceCoverage="0" branchCoverage="0" isConstructor="False" isGetter="False" isSetter="False" isStatic="True">
              <Summary numSequencePoints="5" visitedSequencePoints="0" numBranchPoints="4" visitedBranchPoints="0" sequenceCoverage="0" branchCoverage="0" maxCyclomaticComplexity="4" minCyclomaticComplexity="4" visitedClasses="0" numClasses="0" visitedMethods="0" numMethods="1" />
              <MetadataToken />
              <Name>System.String ELKH.Areas.Identity.Pages.Account.Manage.ManageNavPages::PageNavClass(Microsoft.AspNetCore.Mvc.Rendering.ViewContext,System.String)</Name>
              <FileRef uid="126" />
              <SequencePoints>
                <SequencePoint vc="0" uspid="117" ordinal="0" sl="117" sc="1" el="117" ec="2" bec="0" bev="0" fileid="126" />
                <SequencePoint vc="0" uspid="118" ordinal="1" sl="118" sc="1" el="118" ec="2" bec="2" bev="0" fileid="126" />
                <SequencePoint vc="0" uspid="119" ordinal="2" sl="119" sc="1" el="119" ec="2" bec="0" bev="0" fileid="126" />
                <SequencePoint vc="0" uspid="120" ordinal="3" sl="120" sc="1" el="120" ec="2" bec="2" bev="0" fileid="126" />
                <SequencePoint vc="0" uspid="121" ordinal="4" sl="121" sc="1" el="121" ec="2" bec="0" bev="0" fileid="126" />
              </SequencePoints>
              <BranchPoints>
                <BranchPoint vc="0" uspid="118" ordinal="0" path="0" offset="23" offsetend="25" sl="118" fileid="126" />
                <BranchPoint vc="0" uspid="118" ordinal="1" path="1" offset="23" offsetend="42" sl="118" fileid="126" />
                <BranchPoint vc="0" uspid="120" ordinal="2" path="0" offset="51" offsetend="53" sl="120" fileid="126" />
                <BranchPoint vc="0" uspid="120" ordinal="3" path="1" offset="51" offsetend="56" sl="120" fileid="126" />
              </BranchPoints>
              <MethodPoint vc="0" uspid="0" p8:type="SequencePoint" ordinal="16" offset="16" sc="0" sl="117" ec="1" el="121" bec="0" bev="0" fileid="126" xmlns:p8="xsi" />
            </Method>
          </Methods>
        </Class>
        <Class>
          <Summary numSequencePoints="7" visitedSequencePoints="0" numBranchPoints="0" visitedBranchPoints="0" sequenceCoverage="0" branchCoverage="100" maxCyclomaticComplexity="1" minCyclomaticComplexity="1" visitedClasses="0" numClasses="1" visitedMethods="0" numMethods="1" />
          <FullName>ELKH.Areas.Identity.Pages.Account.Manage.PersonalDataModel</FullName>
          <Methods>
            <Method cyclomaticComplexity="1" nPathComplexity="1" sequenceCoverage="0" branchCoverage="100" isConstructor="True" isGetter="False" isSetter="False" isStatic="True">
              <Summary numSequencePoints="7" visitedSequencePoints="0" numBranchPoints="0" visitedBranchPoints="0" sequenceCoverage="0" branchCoverage="100" maxCyclomaticComplexity="1" minCyclomaticComplexity="1" visitedClasses="0" numClasses="0" visitedMethods="0" numMethods="1" />
              <MetadataToken />
              <Name>System.Void ELKH.Areas.Identity.Pages.Account.Manage.PersonalDataModel::.ctor(Microsoft.AspNetCore.Identity.UserManager`1&lt;Microsoft.AspNetCore.Identity.IdentityUser&gt;,Microsoft.Extensions.Logging.ILogger`1&lt;ELKH.Areas.Identity.Pages.Account.Manage.PersonalDataModel&gt;)</Name>
              <FileRef uid="127" />
              <SequencePoints>
                <SequencePoint vc="0" uspid="73" ordinal="0" sl="73" sc="1" el="73" ec="2" bec="0" bev="0" fileid="127" />
                <SequencePoint vc="0" uspid="74" ordinal="1" sl="74" sc="1" el="74" ec="2" bec="0" bev="0" fileid="127" />
                <SequencePoint vc="0" uspid="75" ordinal="2" sl="75" sc="1" el="75" ec="2" bec="0" bev="0" fileid="127" />
                <SequencePoint vc="0" uspid="76" ordinal="3" sl="76" sc="1" el="76" ec="2" bec="0" bev="0" fileid="127" />
                <SequencePoint vc="0" uspid="77" ordinal="4" sl="77" sc="1" el="77" ec="2" bec="0" bev="0" fileid="127" />
                <SequencePoint vc="0" uspid="78" ordinal="5" sl="78" sc="1" el="78" ec="2" bec="0" bev="0" fileid="127" />
                <SequencePoint vc="0" uspid="79" ordinal="6" sl="79" sc="1" el="79" ec="2" bec="0" bev="0" fileid="127" />
              </SequencePoints>
              <BranchPoints />
              <MethodPoint vc="0" uspid="0" p8:type="SequencePoint" ordinal="0" offset="0" sc="0" sl="73" ec="1" el="79" bec="0" bev="0" fileid="127" xmlns:p8="xsi" />
            </Method>
          </Methods>
        </Class>
        <Class>
          <Summary numSequencePoints="9" visitedSequencePoints="0" numBranchPoints="0" visitedBranchPoints="0" sequenceCoverage="0" branchCoverage="100" maxCyclomaticComplexity="1" minCyclomaticComplexity="1" visitedClasses="0" numClasses="1" visitedMethods="0" numMethods="1" />
          <FullName>ELKH.Areas.Identity.Pages.Account.Manage.ResetAuthenticatorModel</FullName>
          <Methods>
            <Method cyclomaticComplexity="1" nPathComplexity="1" sequenceCoverage="0" branchCoverage="100" isConstructor="True" isGetter="False" isSetter="False" isStatic="True">
              <Summary numSequencePoints="9" visitedSequencePoints="0" numBranchPoints="0" visitedBranchPoints="0" sequenceCoverage="0" branchCoverage="100" maxCyclomaticComplexity="1" minCyclomaticComplexity="1" visitedClasses="0" numClasses="0" visitedMethods="0" numMethods="1" />
              <MetadataToken />
              <Name>System.Void ELKH.Areas.Identity.Pages.Account.Manage.ResetAuthenticatorModel::.ctor(Microsoft.AspNetCore.Identity.UserManager`1&lt;Microsoft.AspNetCore.Identity.IdentityUser&gt;,Microsoft.AspNetCore.Identity.SignInManager`1&lt;Microsoft.AspNetCore.Identity.IdentityUser&gt;,Microsoft.Extensions.Logging.ILogger`1&lt;ELKH.Areas.Identity.Pages.Account.Manage.ResetAuthenticatorModel&gt;)</Name>
              <FileRef uid="128" />
              <SequencePoints>
                <SequencePoint vc="0" uspid="20" ordinal="0" sl="20" sc="1" el="20" ec="2" bec="0" bev="0" fileid="128" />
                <SequencePoint vc="0" uspid="21" ordinal="1" sl="21" sc="1" el="21" ec="2" bec="0" bev="0" fileid="128" />
                <SequencePoint vc="0" uspid="22" ordinal="2" sl="22" sc="1" el="22" ec="2" bec="0" bev="0" fileid="128" />
                <SequencePoint vc="0" uspid="23" ordinal="3" sl="23" sc="1" el="23" ec="2" bec="0" bev="0" fileid="128" />
                <SequencePoint vc="0" uspid="24" ordinal="4" sl="24" sc="1" el="24" ec="2" bec="0" bev="0" fileid="128" />
                <SequencePoint vc="0" uspid="25" ordinal="5" sl="25" sc="1" el="25" ec="2" bec="0" bev="0" fileid="128" />
                <SequencePoint vc="0" uspid="26" ordinal="6" sl="26" sc="1" el="26" ec="2" bec="0" bev="0" fileid="128" />
                <SequencePoint vc="0" uspid="27" ordinal="7" sl="27" sc="1" el="27" ec="2" bec="0" bev="0" fileid="128" />
                <SequencePoint vc="0" uspid="28" ordinal="8" sl="28" sc="1" el="28" ec="2" bec="0" bev="0" fileid="128" />
              </SequencePoints>
              <BranchPoints />
              <MethodPoint vc="0" uspid="0" p8:type="SequencePoint" ordinal="0" offset="0" sc="0" sl="20" ec="1" el="28" bec="0" bev="0" fileid="128" xmlns:p8="xsi" />
            </Method>
          </Methods>
        </Class>
        <Class>
          <Summary numSequencePoints="7" visitedSequencePoints="0" numBranchPoints="0" visitedBranchPoints="0" sequenceCoverage="0" branchCoverage="100" maxCyclomaticComplexity="1" minCyclomaticComplexity="1" visitedClasses="0" numClasses="1" visitedMethods="0" numMethods="1" />
          <FullName>ELKH.Areas.Identity.Pages.Account.Manage.SetPasswordModel</FullName>
          <Methods>
            <Method cyclomaticComplexity="1" nPathComplexity="1" sequenceCoverage="0" branchCoverage="100" isConstructor="True" isGetter="False" isSetter="False" isStatic="True">
              <Summary numSequencePoints="7" visitedSequencePoints="0" numBranchPoints="0" visitedBranchPoints="0" sequenceCoverage="0" branchCoverage="100" maxCyclomaticComplexity="1" minCyclomaticComplexity="1" visitedClasses="0" numClasses="0" visitedMethods="0" numMethods="1" />
              <MetadataToken />
              <Name>System.Void ELKH.Areas.Identity.Pages.Account.Manage.SetPasswordModel::.ctor(Microsoft.AspNetCore.Identity.UserManager`1&lt;Microsoft.AspNetCore.Identity.IdentityUser&gt;,Microsoft.AspNetCore.Identity.SignInManager`1&lt;Microsoft.AspNetCore.Identity.IdentityUser&gt;)</Name>
              <FileRef uid="129" />
              <SequencePoints>
                <SequencePoint vc="0" uspid="19" ordinal="0" sl="19" sc="1" el="19" ec="2" bec="0" bev="0" fileid="129" />
                <SequencePoint vc="0" uspid="20" ordinal="1" sl="20" sc="1" el="20" ec="2" bec="0" bev="0" fileid="129" />
                <SequencePoint vc="0" uspid="21" ordinal="2" sl="21" sc="1" el="21" ec="2" bec="0" bev="0" fileid="129" />
                <SequencePoint vc="0" uspid="22" ordinal="3" sl="22" sc="1" el="22" ec="2" bec="0" bev="0" fileid="129" />
                <SequencePoint vc="0" uspid="23" ordinal="4" sl="23" sc="1" el="23" ec="2" bec="0" bev="0" fileid="129" />
                <SequencePoint vc="0" uspid="24" ordinal="5" sl="24" sc="1" el="24" ec="2" bec="0" bev="0" fileid="129" />
                <SequencePoint vc="0" uspid="25" ordinal="6" sl="25" sc="1" el="25" ec="2" bec="0" bev="0" fileid="129" />
              </SequencePoints>
              <BranchPoints />
              <MethodPoint vc="0" uspid="0" p8:type="SequencePoint" ordinal="0" offset="0" sc="0" sl="19" ec="1" el="25" bec="0" bev="0" fileid="129" xmlns:p8="xsi" />
            </Method>
          </Methods>
        </Class>
        <Class>
          <Summary numSequencePoints="6" visitedSequencePoints="0" numBranchPoints="4" visitedBranchPoints="0" sequenceCoverage="0" branchCoverage="0" maxCyclomaticComplexity="4" minCyclomaticComplexity="4" visitedClasses="0" numClasses="1" visitedMethods="0" numMethods="1" />
          <FullName>ELKH.Areas.Identity.Pages.Account.Manage.ShowRecoveryCodesModel</FullName>
          <Methods>
            <Method cyclomaticComplexity="4" nPathComplexity="4" sequenceCoverage="0" branchCoverage="0" isConstructor="False" isGetter="False" isSetter="False" isStatic="True">
              <Summary numSequencePoints="6" visitedSequencePoints="0" numBranchPoints="4" visitedBranchPoints="0" sequenceCoverage="0" branchCoverage="0" maxCyclomaticComplexity="4" minCyclomaticComplexity="4" visitedClasses="0" numClasses="0" visitedMethods="0" numMethods="1" />
              <MetadataToken />
              <Name>Microsoft.AspNetCore.Mvc.IActionResult ELKH.Areas.Identity.Pages.Account.Manage.ShowRecoveryCodesModel::OnGet()</Name>
              <FileRef uid="130" />
              <SequencePoints>
                <SequencePoint vc="0" uspid="37" ordinal="0" sl="37" sc="1" el="37" ec="2" bec="0" bev="0" fileid="130" />
                <SequencePoint vc="0" uspid="38" ordinal="1" sl="38" sc="1" el="38" ec="2" bec="4" bev="0" fileid="130" />
                <SequencePoint vc="0" uspid="39" ordinal="2" sl="39" sc="1" el="39" ec="2" bec="0" bev="0" fileid="130" />
                <SequencePoint vc="0" uspid="40" ordinal="3" sl="40" sc="1" el="40" ec="2" bec="0" bev="0" fileid="130" />
                <SequencePoint vc="0" uspid="43" ordinal="4" sl="43" sc="1" el="43" ec="2" bec="0" bev="0" fileid="130" />
                <SequencePoint vc="0" uspid="44" ordinal="5" sl="44" sc="1" el="44" ec="2" bec="0" bev="0" fileid="130" />
              </SequencePoints>
              <BranchPoints>
                <BranchPoint vc="0" uspid="38" ordinal="0" path="0" offset="7" offsetend="9" sl="38" fileid="130" />
                <BranchPoint vc="0" uspid="38" ordinal="1" path="1" offset="7" offsetend="21" sl="38" fileid="130" />
                <BranchPoint vc="0" uspid="38" ordinal="2" path="0" offset="24" offsetend="26" sl="38" fileid="130" />
                <BranchPoint vc="0" uspid="38" ordinal="3" path="1" offset="24" offsetend="41" sl="38" fileid="130" />
              </BranchPoints>
              <MethodPoint vc="0" uspid="0" p8:type="SequencePoint" ordinal="0" offset="0" sc="0" sl="37" ec="1" el="44" bec="0" bev="0" fileid="130" xmlns:p8="xsi" />
            </Method>
          </Methods>
        </Class>
        <Class>
          <Summary numSequencePoints="7" visitedSequencePoints="0" numBranchPoints="0" visitedBranchPoints="0" sequenceCoverage="0" branchCoverage="100" maxCyclomaticComplexity="1" minCyclomaticComplexity="1" visitedClasses="0" numClasses="1" visitedMethods="0" numMethods="1" />
          <FullName>ELKH.Areas.Identity.Pages.Account.Manage.TwoFactorAuthenticationModel</FullName>
          <Methods>
            <Method cyclomaticComplexity="1" nPathComplexity="1" sequenceCoverage="0" branchCoverage="100" isConstructor="True" isGetter="False" isSetter="False" isStatic="True">
              <Summary numSequencePoints="7" visitedSequencePoints="0" numBranchPoints="0" visitedBranchPoints="0" sequenceCoverage="0" branchCoverage="100" maxCyclomaticComplexity="1" minCyclomaticComplexity="1" visitedClasses="0" numClasses="0" visitedMethods="0" numMethods="1" />
              <MetadataToken />
              <Name>System.Void ELKH.Areas.Identity.Pages.Account.Manage.TwoFactorAuthenticationModel::.ctor(Microsoft.AspNetCore.Identity.UserManager`1&lt;Microsoft.AspNetCore.Identity.IdentityUser&gt;,Microsoft.AspNetCore.Identity.SignInManager`1&lt;Microsoft.AspNetCore.Identity.IdentityUser&gt;,Microsoft.Extensions.Logging.ILogger`1&lt;ELKH.Areas.Identity.Pages.Account.Manage.TwoFactorAuthenticationModel&gt;)</Name>
              <FileRef uid="131" />
              <SequencePoints>
                <SequencePoint vc="0" uspid="20" ordinal="0" sl="20" sc="1" el="20" ec="2" bec="0" bev="0" fileid="131" />
                <SequencePoint vc="0" uspid="21" ordinal="1" sl="21" sc="1" el="21" ec="2" bec="0" bev="0" fileid="131" />
                <SequencePoint vc="0" uspid="22" ordinal="2" sl="22" sc="1" el="22" ec="2" bec="0" bev="0" fileid="131" />
                <SequencePoint vc="0" uspid="23" ordinal="3" sl="23" sc="1" el="23" ec="2" bec="0" bev="0" fileid="131" />
                <SequencePoint vc="0" uspid="24" ordinal="4" sl="24" sc="1" el="24" ec="2" bec="0" bev="0" fileid="131" />
                <SequencePoint vc="0" uspid="25" ordinal="5" sl="25" sc="1" el="25" ec="2" bec="0" bev="0" fileid="131" />
                <SequencePoint vc="0" uspid="26" ordinal="6" sl="26" sc="1" el="26" ec="2" bec="0" bev="0" fileid="131" />
              </SequencePoints>
              <BranchPoints />
              <MethodPoint vc="0" uspid="0" p8:type="SequencePoint" ordinal="0" offset="0" sc="0" sl="20" ec="1" el="26" bec="0" bev="0" fileid="131" xmlns:p8="xsi" />
            </Method>
          </Methods>
        </Class>
      </Classes>
    </Module>
  </Modules>
</CoverageSession>